{"meta": {"format": 3, "version": "7.10.7", "timestamp": "2025-10-06T11:47:17.665921", "branch_coverage": true, "show_contexts": false}, "files": {"modules/market_filter_manager.py": {"executed_lines": [1, 24, 25, 26, 27, 28, 29, 30, 32, 35, 36, 37, 38, 39, 40, 43, 44, 51, 64, 67, 68, 71, 74, 75, 76, 79, 80, 81, 82, 85, 87, 92, 94, 95, 96, 100, 106, 107, 110, 124, 128, 140, 144, 148, 160, 229, 328, 329, 336, 344, 345, 348, 350, 352, 361, 362, 363, 364, 365, 366, 373, 379, 380, 384, 394, 396, 402, 404, 408, 412, 441, 465, 477, 485, 499], "summary": {"covered_lines": 70, "num_statements": 157, "percent_covered": 37.10407239819005, "percent_covered_display": "37.10", "missing_lines": 87, "excluded_lines": 38, "num_branches": 64, "num_partial_branches": 6, "covered_branches": 12, "missing_branches": 52}, "missing_lines": [65, 97, 108, 118, 119, 126, 138, 142, 146, 155, 178, 181, 182, 183, 184, 187, 188, 189, 190, 193, 194, 195, 198, 199, 200, 203, 204, 205, 208, 210, 211, 213, 214, 216, 217, 219, 220, 223, 224, 225, 227, 248, 251, 252, 253, 255, 256, 257, 260, 261, 262, 269, 270, 271, 278, 279, 280, 286, 287, 294, 295, 296, 303, 316, 321, 353, 356, 359, 368, 369, 374, 397, 406, 410, 430, 432, 433, 439, 455, 457, 458, 460, 472, 479, 480, 481, 495], "excluded_lines": [499, 500, 502, 507, 510, 515, 521, 524, 527, 528, 529, 531, 532, 533, 534, 535, 536, 537, 538, 539, 540, 541, 542, 545, 546, 547, 548, 551, 562, 564, 565, 567, 568, 569, 570, 571, 572, 574], "executed_branches": [[64, 67], [95, 96], [95, 100], [96, 95], [106, -92], [106, 107], [107, 106], [352, 361], [362, 363], [362, 373], [373, 379], [396, 402]], "missing_branches": [[64, 65], [96, 97], [107, 108], [181, 182], [181, 187], [183, 184], [183, 187], [187, 188], [187, 193], [189, 190], [189, 193], [193, 194], [193, 198], [194, 195], [194, 198], [198, 199], [198, 203], [199, 200], [199, 203], [203, 204], [203, 208], [204, 205], [204, 208], [210, 211], [210, 213], [213, 214], [213, 216], [216, 217], [216, 219], [219, 220], [219, 223], [223, 224], [223, 227], [224, 225], [224, 227], [261, 262], [261, 269], [270, 271], [270, 278], [279, 280], [279, 286], [286, 287], [286, 294], [295, 296], [295, 303], [352, 353], [373, 374], [396, 397], [432, 433], [432, 439], [457, 458], [457, 460]], "functions": {"MarketFilterConfig.__init__": {"executed_lines": [64, 67, 68, 71, 74, 75, 76, 79, 80, 81, 82, 85, 87], "summary": {"covered_lines": 13, "num_statements": 14, "percent_covered": 87.5, "percent_covered_display": "87.50", "missing_lines": 1, "excluded_lines": 0, "num_branches": 2, "num_partial_branches": 1, "covered_branches": 1, "missing_branches": 1}, "missing_lines": [65], "excluded_lines": [], "executed_branches": [[64, 67]], "missing_branches": [[64, 65]]}, "MarketFilterConfig._validate_config": {"executed_lines": [94, 95, 96, 100, 106, 107], "summary": {"covered_lines": 6, "num_statements": 8, "percent_covered": 75.0, "percent_covered_display": "75.00", "missing_lines": 2, "excluded_lines": 0, "num_branches": 8, "num_partial_branches": 2, "covered_branches": 6, "missing_branches": 2}, "missing_lines": [97, 108], "excluded_lines": [], "executed_branches": [[95, 96], [95, 100], [96, 95], [106, -92], [106, 107], [107, 106]], "missing_branches": [[96, 97], [107, 108]]}, "MarketFilterConfig.update_exchange_rate": {"executed_lines": [], "summary": {"covered_lines": 0, "num_statements": 2, "percent_covered": 0.0, "percent_covered_display": "0.00", "missing_lines": 2, "excluded_lines": 0, "num_branches": 0, "num_partial_branches": 0, "covered_branches": 0, "missing_branches": 0}, "missing_lines": [118, 119], "excluded_lines": [], "executed_branches": [], "missing_branches": []}, "MarketFilterConfig.get_exchange_rate": {"executed_lines": [], "summary": {"covered_lines": 0, "num_statements": 1, "percent_covered": 0.0, "percent_covered_display": "0.00", "missing_lines": 1, "excluded_lines": 0, "num_branches": 0, "num_partial_branches": 0, "covered_branches": 0, "missing_branches": 0}, "missing_lines": [126], "excluded_lines": [], "executed_branches": [], "missing_branches": []}, "MarketFilterConfig.convert_to_krw": {"executed_lines": [], "summary": {"covered_lines": 0, "num_statements": 1, "percent_covered": 0.0, "percent_covered_display": "0.00", "missing_lines": 1, "excluded_lines": 0, "num_branches": 0, "num_partial_branches": 0, "covered_branches": 0, "missing_branches": 0}, "missing_lines": [138], "excluded_lines": [], "executed_branches": [], "missing_branches": []}, "MarketFilterConfig.get_min_market_cap_krw": {"executed_lines": [], "summary": {"covered_lines": 0, "num_statements": 1, "percent_covered": 0.0, "percent_covered_display": "0.00", "missing_lines": 1, "excluded_lines": 0, "num_branches": 0, "num_partial_branches": 0, "covered_branches": 0, "missing_branches": 0}, "missing_lines": [142], "excluded_lines": [], "executed_branches": [], "missing_branches": []}, "MarketFilterConfig.get_min_trading_value_krw": {"executed_lines": [], "summary": {"covered_lines": 0, "num_statements": 1, "percent_covered": 0.0, "percent_covered_display": "0.00", "missing_lines": 1, "excluded_lines": 0, "num_branches": 0, "num_partial_branches": 0, "covered_branches": 0, "missing_branches": 0}, "missing_lines": [146], "excluded_lines": [], "executed_branches": [], "missing_branches": []}, "MarketFilterConfig.get_price_range_krw": {"executed_lines": [], "summary": {"covered_lines": 0, "num_statements": 1, "percent_covered": 0.0, "percent_covered_display": "0.00", "missing_lines": 1, "excluded_lines": 0, "num_branches": 0, "num_partial_branches": 0, "covered_branches": 0, "missing_branches": 0}, "missing_lines": [155], "excluded_lines": [], "executed_branches": [], "missing_branches": []}, "MarketFilterConfig.should_exclude_ticker": {"executed_lines": [], "summary": {"covered_lines": 0, "num_statements": 31, "percent_covered": 0.0, "percent_covered_display": "0.00", "missing_lines": 31, "excluded_lines": 0, "num_branches": 32, "num_partial_branches": 0, "covered_branches": 0, "missing_branches": 32}, "missing_lines": [178, 181, 182, 183, 184, 187, 188, 189, 190, 193, 194, 195, 198, 199, 200, 203, 204, 205, 208, 210, 211, 213, 214, 216, 217, 219, 220, 223, 224, 225, 227], "excluded_lines": [], "executed_branches": [], "missing_branches": [[181, 182], [181, 187], [183, 184], [183, 187], [187, 188], [187, 193], [189, 190], [189, 193], [193, 194], [193, 198], [194, 195], [194, 198], [198, 199], [198, 203], [199, 200], [199, 203], [203, 204], [203, 208], [204, 205], [204, 208], [210, 211], [210, 213], [213, 214], [213, 216], [216, 217], [216, 219], [219, 220], [219, 223], [223, 224], [223, 227], [224, 225], [224, 227]]}, "MarketFilterConfig.apply_stage0_filter": {"executed_lines": [], "summary": {"covered_lines": 0, "num_statements": 24, "percent_covered": 0.0, "percent_covered_display": "0.00", "missing_lines": 24, "excluded_lines": 0, "num_branches": 10, "num_partial_branches": 0, "covered_branches": 0, "missing_branches": 10}, "missing_lines": [248, 251, 252, 253, 255, 256, 257, 260, 261, 262, 269, 270, 271, 278, 279, 280, 286, 287, 294, 295, 296, 303, 316, 321], "excluded_lines": [], "executed_branches": [], "missing_branches": [[261, 262], [261, 269], [270, 271], [270, 278], [279, 280], [279, 286], [286, 287], [286, 294], [295, 296], [295, 303]]}, "MarketFilterManager.__init__": {"executed_lines": [344, 345, 348], "summary": {"covered_lines": 3, "num_statements": 3, "percent_covered": 100.0, "percent_covered_display": "100.00", "missing_lines": 0, "excluded_lines": 0, "num_branches": 0, "num_partial_branches": 0, "covered_branches": 0, "missing_branches": 0}, "missing_lines": [], "excluded_lines": [], "executed_branches": [], "missing_branches": []}, "MarketFilterManager._load_all_configs": {"executed_lines": [352, 361, 362, 363, 364, 365, 366, 373, 379, 380], "summary": {"covered_lines": 10, "num_statements": 16, "percent_covered": 63.63636363636363, "percent_covered_display": "63.64", "missing_lines": 6, "excluded_lines": 0, "num_branches": 6, "num_partial_branches": 2, "covered_branches": 4, "missing_branches": 2}, "missing_lines": [353, 356, 359, 368, 369, 374], "excluded_lines": [], "executed_branches": [[352, 361], [362, 363], [362, 373], [373, 379]], "missing_branches": [[352, 353], [373, 374]]}, "MarketFilterManager.get_config": {"executed_lines": [394, 396, 402], "summary": {"covered_lines": 3, "num_statements": 4, "percent_covered": 66.66666666666667, "percent_covered_display": "66.67", "missing_lines": 1, "excluded_lines": 0, "num_branches": 2, "num_partial_branches": 1, "covered_branches": 1, "missing_branches": 1}, "missing_lines": [397], "excluded_lines": [], "executed_branches": [[396, 402]], "missing_branches": [[396, 397]]}, "MarketFilterManager.get_supported_regions": {"executed_lines": [], "summary": {"covered_lines": 0, "num_statements": 1, "percent_covered": 0.0, "percent_covered_display": "0.00", "missing_lines": 1, "excluded_lines": 0, "num_branches": 0, "num_partial_branches": 0, "covered_branches": 0, "missing_branches": 0}, "missing_lines": [406], "excluded_lines": [], "executed_branches": [], "missing_branches": []}, "MarketFilterManager.has_config": {"executed_lines": [], "summary": {"covered_lines": 0, "num_statements": 1, "percent_covered": 0.0, "percent_covered_display": "0.00", "missing_lines": 1, "excluded_lines": 0, "num_branches": 0, "num_partial_branches": 0, "covered_branches": 0, "missing_branches": 0}, "missing_lines": [410], "excluded_lines": [], "executed_branches": [], "missing_branches": []}, "MarketFilterManager.apply_stage0_filter": {"executed_lines": [], "summary": {"covered_lines": 0, "num_statements": 4, "percent_covered": 0.0, "percent_covered_display": "0.00", "missing_lines": 4, "excluded_lines": 0, "num_branches": 2, "num_partial_branches": 0, "covered_branches": 0, "missing_branches": 2}, "missing_lines": [430, 432, 433, 439], "excluded_lines": [], "executed_branches": [], "missing_branches": [[432, 433], [432, 439]]}, "MarketFilterManager.update_exchange_rate": {"executed_lines": [], "summary": {"covered_lines": 0, "num_statements": 4, "percent_covered": 0.0, "percent_covered_display": "0.00", "missing_lines": 4, "excluded_lines": 0, "num_branches": 2, "num_partial_branches": 0, "covered_branches": 0, "missing_branches": 2}, "missing_lines": [455, 457, 458, 460], "excluded_lines": [], "executed_branches": [], "missing_branches": [[457, 458], [457, 460]]}, "MarketFilterManager.get_all_exchange_rates": {"executed_lines": [], "summary": {"covered_lines": 0, "num_statements": 1, "percent_covered": 0.0, "percent_covered_display": "0.00", "missing_lines": 1, "excluded_lines": 0, "num_branches": 0, "num_partial_branches": 0, "covered_branches": 0, "missing_branches": 0}, "missing_lines": [472], "excluded_lines": [], "executed_branches": [], "missing_branches": []}, "MarketFilterManager.reload_configs": {"executed_lines": [], "summary": {"covered_lines": 0, "num_statements": 3, "percent_covered": 0.0, "percent_covered_display": "0.00", "missing_lines": 3, "excluded_lines": 0, "num_branches": 0, "num_partial_branches": 0, "covered_branches": 0, "missing_branches": 0}, "missing_lines": [479, 480, 481], "excluded_lines": [], "executed_branches": [], "missing_branches": []}, "get_filter_manager": {"executed_lines": [], "summary": {"covered_lines": 0, "num_statements": 1, "percent_covered": 0.0, "percent_covered_display": "0.00", "missing_lines": 1, "excluded_lines": 0, "num_branches": 0, "num_partial_branches": 0, "covered_branches": 0, "missing_branches": 0}, "missing_lines": [495], "excluded_lines": [], "executed_branches": [], "missing_branches": []}, "": {"executed_lines": [1, 24, 25, 26, 27, 28, 29, 30, 32, 35, 36, 37, 38, 39, 40, 43, 44, 51, 92, 110, 124, 128, 140, 144, 148, 160, 229, 328, 329, 336, 350, 384, 404, 408, 412, 441, 465, 477, 485, 499], "summary": {"covered_lines": 35, "num_statements": 35, "percent_covered": 100.0, "percent_covered_display": "100.00", "missing_lines": 0, "excluded_lines": 38, "num_branches": 0, "num_partial_branches": 0, "covered_branches": 0, "missing_branches": 0}, "missing_lines": [], "excluded_lines": [499, 500, 502, 507, 510, 515, 521, 524, 527, 528, 529, 531, 532, 533, 534, 535, 536, 537, 538, 539, 540, 541, 542, 545, 546, 547, 548, 551, 562, 564, 565, 567, 568, 569, 570, 571, 572, 574], "executed_branches": [], "missing_branches": []}}, "classes": {"FilterResult": {"executed_lines": [], "summary": {"covered_lines": 0, "num_statements": 0, "percent_covered": 100.0, "percent_covered_display": "100.00", "missing_lines": 0, "excluded_lines": 0, "num_branches": 0, "num_partial_branches": 0, "covered_branches": 0, "missing_branches": 0}, "missing_lines": [], "excluded_lines": [], "executed_branches": [], "missing_branches": []}, "MarketFilterConfig": {"executed_lines": [64, 67, 68, 71, 74, 75, 76, 79, 80, 81, 82, 85, 87, 94, 95, 96, 100, 106, 107], "summary": {"covered_lines": 19, "num_statements": 84, "percent_covered": 19.11764705882353, "percent_covered_display": "19.12", "missing_lines": 65, "excluded_lines": 0, "num_branches": 52, "num_partial_branches": 3, "covered_branches": 7, "missing_branches": 45}, "missing_lines": [65, 97, 108, 118, 119, 126, 138, 142, 146, 155, 178, 181, 182, 183, 184, 187, 188, 189, 190, 193, 194, 195, 198, 199, 200, 203, 204, 205, 208, 210, 211, 213, 214, 216, 217, 219, 220, 223, 224, 225, 227, 248, 251, 252, 253, 255, 256, 257, 260, 261, 262, 269, 270, 271, 278, 279, 280, 286, 287, 294, 295, 296, 303, 316, 321], "excluded_lines": [], "executed_branches": [[64, 67], [95, 96], [95, 100], [96, 95], [106, -92], [106, 107], [107, 106]], "missing_branches": [[64, 65], [96, 97], [107, 108], [181, 182], [181, 187], [183, 184], [183, 187], [187, 188], [187, 193], [189, 190], [189, 193], [193, 194], [193, 198], [194, 195], [194, 198], [198, 199], [198, 203], [199, 200], [199, 203], [203, 204], [203, 208], [204, 205], [204, 208], [210, 211], [210, 213], [213, 214], [213, 216], [216, 217], [216, 219], [219, 220], [219, 223], [223, 224], [223, 227], [224, 225], [224, 227], [261, 262], [261, 269], [270, 271], [270, 278], [279, 280], [279, 286], [286, 287], [286, 294], [295, 296], [295, 303]]}, "MarketFilterManager": {"executed_lines": [344, 345, 348, 352, 361, 362, 363, 364, 365, 366, 373, 379, 380, 394, 396, 402], "summary": {"covered_lines": 16, "num_statements": 37, "percent_covered": 42.857142857142854, "percent_covered_display": "42.86", "missing_lines": 21, "excluded_lines": 0, "num_branches": 12, "num_partial_branches": 3, "covered_branches": 5, "missing_branches": 7}, "missing_lines": [353, 356, 359, 368, 369, 374, 397, 406, 410, 430, 432, 433, 439, 455, 457, 458, 460, 472, 479, 480, 481], "excluded_lines": [], "executed_branches": [[352, 361], [362, 363], [362, 373], [373, 379], [396, 402]], "missing_branches": [[352, 353], [373, 374], [396, 397], [432, 433], [432, 439], [457, 458], [457, 460]]}, "": {"executed_lines": [1, 24, 25, 26, 27, 28, 29, 30, 32, 35, 36, 37, 38, 39, 40, 43, 44, 51, 92, 110, 124, 128, 140, 144, 148, 160, 229, 328, 329, 336, 350, 384, 404, 408, 412, 441, 465, 477, 485, 499], "summary": {"covered_lines": 35, "num_statements": 36, "percent_covered": 97.22222222222223, "percent_covered_display": "97.22", "missing_lines": 1, "excluded_lines": 38, "num_branches": 0, "num_partial_branches": 0, "covered_branches": 0, "missing_branches": 0}, "missing_lines": [495], "excluded_lines": [499, 500, 502, 507, 510, 515, 521, 524, 527, 528, 529, 531, 532, 533, 534, 535, 536, 537, 538, 539, 540, 541, 542, 545, 546, 547, 548, 551, 562, 564, 565, 567, 568, 569, 570, 571, 572, 574], "executed_branches": [], "missing_branches": []}}}, "modules/stock_pre_filter.py": {"executed_lines": [1, 20, 21, 22, 23, 24, 25, 28, 31, 32, 33, 36, 41, 44, 45, 52, 53, 54, 57, 58, 61, 63, 65, 75, 78, 79, 80, 85, 86, 90, 93, 94, 95, 97, 98, 101, 102, 103, 104, 105, 108, 110, 111, 112, 113, 115, 116, 119, 122, 123, 129, 132, 134, 136, 137, 138, 139, 141, 153, 154, 155, 156, 158, 160, 161, 167, 169, 170, 171, 172, 174, 186, 187, 189, 194, 195, 196, 198, 199, 200, 202, 217, 219, 230, 233, 234, 236, 237, 238, 241, 242, 244, 245, 246, 249, 250, 252, 253, 254, 257, 258, 260, 265, 267, 272, 273, 275, 277, 279, 280, 281, 282, 283, 286, 287, 290, 291, 292, 293, 295, 297, 299, 301, 302, 305, 306, 308, 309, 310, 311, 314, 315, 317, 319, 320, 321, 323, 324, 327, 328, 330, 332, 334, 335, 337, 338, 341, 343, 344, 346, 348, 350, 351, 353, 354, 356, 357, 359, 361, 363, 371, 372, 373, 374, 375, 377, 385, 387, 389, 390, 391, 394, 396, 398, 399, 425, 426, 428, 433, 435, 436, 437, 438, 441, 477, 478, 479, 481, 483, 484, 485, 487, 488, 490, 502, 503, 505, 506, 510], "summary": {"covered_lines": 196, "num_statements": 228, "percent_covered": 85.56338028169014, "percent_covered_display": "85.56", "missing_lines": 32, "excluded_lines": 31, "num_branches": 56, "num_partial_branches": 5, "covered_branches": 47, "missing_branches": 9}, "missing_lines": [81, 82, 87, 88, 163, 164, 165, 190, 191, 261, 262, 268, 269, 430, 431, 442, 443, 445, 451, 452, 453, 454, 456, 457, 459, 460, 461, 462, 465, 472, 473, 475], "excluded_lines": [510, 511, 513, 514, 515, 516, 517, 519, 521, 522, 525, 527, 528, 530, 531, 532, 535, 536, 537, 538, 539, 540, 541, 543, 546, 547, 549, 550, 551, 552, 553], "executed_branches": [[78, 79], [78, 85], [80, 85], [86, 90], [97, 98], [97, 119], [102, 103], [102, 108], [110, 111], [110, 115], [154, 155], [154, 158], [189, 194], [236, 237], [236, 241], [244, 245], [244, 249], [252, 253], [252, 257], [260, 265], [267, 272], [286, 287], [286, 290], [290, 291], [290, 292], [292, 293], [292, 295], [301, 302], [301, 305], [308, 309], [308, 310], [310, 311], [310, 314], [323, 324], [323, 327], [327, 328], [327, 330], [337, 338], [337, 341], [343, 344], [343, 346], [353, 354], [353, 356], [356, 357], [356, 359], [398, 399], [398, 425]], "missing_branches": [[80, 81], [86, 87], [189, 190], [260, 261], [267, 268], [452, 453], [452, 456], [459, 460], [459, 465]], "functions": {"StockPreFilter.__init__": {"executed_lines": [53, 54, 57, 58, 61, 63], "summary": {"covered_lines": 6, "num_statements": 6, "percent_covered": 100.0, "percent_covered_display": "100.00", "missing_lines": 0, "excluded_lines": 0, "num_branches": 0, "num_partial_branches": 0, "covered_branches": 0, "missing_branches": 0}, "missing_lines": [], "excluded_lines": [], "executed_branches": [], "missing_branches": []}, "StockPreFilter.run_stage1_filter": {"executed_lines": [75, 78, 79, 80, 85, 86, 90, 93, 94, 95, 97, 98, 101, 102, 103, 104, 105, 108, 110, 111, 112, 113, 115, 116, 119, 122, 123, 129, 132], "summary": {"covered_lines": 29, "num_statements": 33, "percent_covered": 86.66666666666667, "percent_covered_display": "86.67", "missing_lines": 4, "excluded_lines": 0, "num_branches": 12, "num_partial_branches": 2, "covered_branches": 10, "missing_branches": 2}, "missing_lines": [81, 82, 87, 88], "excluded_lines": [], "executed_branches": [[78, 79], [78, 85], [80, 85], [86, 90], [97, 98], [97, 119], [102, 103], [102, 108], [110, 111], [110, 115]], "missing_branches": [[80, 81], [86, 87]]}, "StockPreFilter._load_stage0_results": {"executed_lines": [136, 137, 138, 139, 141, 153, 154, 155, 156, 158, 160, 161], "summary": {"covered_lines": 12, "num_statements": 15, "percent_covered": 82.3529411764706, "percent_covered_display": "82.35", "missing_lines": 3, "excluded_lines": 0, "num_branches": 2, "num_partial_branches": 0, "covered_branches": 2, "missing_branches": 0}, "missing_lines": [163, 164, 165], "excluded_lines": [], "executed_branches": [[154, 155], [154, 158]], "missing_branches": []}, "StockPreFilter._load_ohlcv_data": {"executed_lines": [169, 170, 171, 172, 174, 186, 187, 189, 194, 195, 196, 198, 199, 200], "summary": {"covered_lines": 14, "num_statements": 16, "percent_covered": 83.33333333333333, "percent_covered_display": "83.33", "missing_lines": 2, "excluded_lines": 0, "num_branches": 2, "num_partial_branches": 1, "covered_branches": 1, "missing_branches": 1}, "missing_lines": [190, 191], "excluded_lines": [], "executed_branches": [[189, 194]], "missing_branches": [[189, 190]]}, "StockPreFilter._apply_technical_filters": {"executed_lines": [217, 219, 230, 233, 234, 236, 237, 238, 241, 242, 244, 245, 246, 249, 250, 252, 253, 254, 257, 258, 260, 265, 267, 272, 273, 275], "summary": {"covered_lines": 26, "num_statements": 30, "percent_covered": 85.0, "percent_covered_display": "85.00", "missing_lines": 4, "excluded_lines": 0, "num_branches": 10, "num_partial_branches": 2, "covered_branches": 8, "missing_branches": 2}, "missing_lines": [261, 262, 268, 269], "excluded_lines": [], "executed_branches": [[236, 237], [236, 241], [244, 245], [244, 249], [252, 253], [252, 257], [260, 265], [267, 272]], "missing_branches": [[260, 261], [267, 268]]}, "StockPreFilter._check_ma_alignment": {"executed_lines": [279, 280, 281, 282, 283, 286, 287, 290, 291, 292, 293, 295], "summary": {"covered_lines": 12, "num_statements": 12, "percent_covered": 100.0, "percent_covered_display": "100.00", "missing_lines": 0, "excluded_lines": 0, "num_branches": 6, "num_partial_branches": 0, "covered_branches": 6, "missing_branches": 0}, "missing_lines": [], "excluded_lines": [], "executed_branches": [[286, 287], [286, 290], [290, 291], [290, 292], [292, 293], [292, 295]], "missing_branches": []}, "StockPreFilter._check_rsi_range": {"executed_lines": [299, 301, 302, 305, 306, 308, 309, 310, 311, 314, 315], "summary": {"covered_lines": 11, "num_statements": 11, "percent_covered": 100.0, "percent_covered_display": "100.00", "missing_lines": 0, "excluded_lines": 0, "num_branches": 6, "num_partial_branches": 0, "covered_branches": 6, "missing_branches": 0}, "missing_lines": [], "excluded_lines": [], "executed_branches": [[301, 302], [301, 305], [308, 309], [308, 310], [310, 311], [310, 314]], "missing_branches": []}, "StockPreFilter._check_macd_signal": {"executed_lines": [319, 320, 321, 323, 324, 327, 328, 330], "summary": {"covered_lines": 8, "num_statements": 8, "percent_covered": 100.0, "percent_covered_display": "100.00", "missing_lines": 0, "excluded_lines": 0, "num_branches": 4, "num_partial_branches": 0, "covered_branches": 4, "missing_branches": 0}, "missing_lines": [], "excluded_lines": [], "executed_branches": [[323, 324], [323, 327], [327, 328], [327, 330]], "missing_branches": []}, "StockPreFilter._check_volume_spike": {"executed_lines": [334, 335, 337, 338, 341, 343, 344, 346], "summary": {"covered_lines": 8, "num_statements": 8, "percent_covered": 100.0, "percent_covered_display": "100.00", "missing_lines": 0, "excluded_lines": 0, "num_branches": 4, "num_partial_branches": 0, "covered_branches": 4, "missing_branches": 0}, "missing_lines": [], "excluded_lines": [], "executed_branches": [[337, 338], [337, 341], [343, 344], [343, 346]], "missing_branches": []}, "StockPreFilter._check_price_above_ma20": {"executed_lines": [350, 351, 353, 354, 356, 357, 359], "summary": {"covered_lines": 7, "num_statements": 7, "percent_covered": 100.0, "percent_covered_display": "100.00", "missing_lines": 0, "excluded_lines": 0, "num_branches": 4, "num_partial_branches": 0, "covered_branches": 4, "missing_branches": 0}, "missing_lines": [], "excluded_lines": [], "executed_branches": [[353, 354], [353, 356], [356, 357], [356, 359]], "missing_branches": []}, "StockPreFilter._calculate_stage1_score": {"executed_lines": [363, 371, 372, 373, 374, 375, 377, 385], "summary": {"covered_lines": 8, "num_statements": 8, "percent_covered": 100.0, "percent_covered_display": "100.00", "missing_lines": 0, "excluded_lines": 0, "num_branches": 0, "num_partial_branches": 0, "covered_branches": 0, "missing_branches": 0}, "missing_lines": [], "excluded_lines": [], "executed_branches": [], "missing_branches": []}, "StockPreFilter._save_to_cache": {"executed_lines": [389, 390, 391, 394, 396, 398, 399, 425, 426, 428], "summary": {"covered_lines": 10, "num_statements": 12, "percent_covered": 85.71428571428571, "percent_covered_display": "85.71", "missing_lines": 2, "excluded_lines": 0, "num_branches": 2, "num_partial_branches": 0, "covered_branches": 2, "missing_branches": 0}, "missing_lines": [430, 431], "excluded_lines": [], "executed_branches": [[398, 399], [398, 425]], "missing_branches": []}, "StockPreFilter._load_from_cache": {"executed_lines": [435, 436, 437, 438, 441, 477, 478, 479], "summary": {"covered_lines": 8, "num_statements": 25, "percent_covered": 27.586206896551722, "percent_covered_display": "27.59", "missing_lines": 17, "excluded_lines": 0, "num_branches": 4, "num_partial_branches": 0, "covered_branches": 0, "missing_branches": 4}, "missing_lines": [442, 443, 445, 451, 452, 453, 454, 456, 457, 459, 460, 461, 462, 465, 472, 473, 475], "excluded_lines": [], "executed_branches": [], "missing_branches": [[452, 453], [452, 456], [459, 460], [459, 465]]}, "StockPreFilter._log_filter_execution": {"executed_lines": [483, 484, 485, 487, 488, 490, 502, 503, 505, 506], "summary": {"covered_lines": 10, "num_statements": 10, "percent_covered": 100.0, "percent_covered_display": "100.00", "missing_lines": 0, "excluded_lines": 0, "num_branches": 0, "num_partial_branches": 0, "covered_branches": 0, "missing_branches": 0}, "missing_lines": [], "excluded_lines": [], "executed_branches": [], "missing_branches": []}, "": {"executed_lines": [1, 20, 21, 22, 23, 24, 25, 28, 31, 32, 33, 36, 41, 44, 45, 52, 65, 134, 167, 202, 277, 297, 317, 332, 348, 361, 387, 433, 481, 510], "summary": {"covered_lines": 27, "num_statements": 27, "percent_covered": 100.0, "percent_covered_display": "100.00", "missing_lines": 0, "excluded_lines": 31, "num_branches": 0, "num_partial_branches": 0, "covered_branches": 0, "missing_branches": 0}, "missing_lines": [], "excluded_lines": [510, 511, 513, 514, 515, 516, 517, 519, 521, 522, 525, 527, 528, 530, 531, 532, 535, 536, 537, 538, 539, 540, 541, 543, 546, 547, 549, 550, 551, 552, 553], "executed_branches": [], "missing_branches": []}}, "classes": {"StockPreFilter": {"executed_lines": [53, 54, 57, 58, 61, 63, 75, 78, 79, 80, 85, 86, 90, 93, 94, 95, 97, 98, 101, 102, 103, 104, 105, 108, 110, 111, 112, 113, 115, 116, 119, 122, 123, 129, 132, 136, 137, 138, 139, 141, 153, 154, 155, 156, 158, 160, 161, 169, 170, 171, 172, 174, 186, 187, 189, 194, 195, 196, 198, 199, 200, 217, 219, 230, 233, 234, 236, 237, 238, 241, 242, 244, 245, 246, 249, 250, 252, 253, 254, 257, 258, 260, 265, 267, 272, 273, 275, 279, 280, 281, 282, 283, 286, 287, 290, 291, 292, 293, 295, 299, 301, 302, 305, 306, 308, 309, 310, 311, 314, 315, 319, 320, 321, 323, 324, 327, 328, 330, 334, 335, 337, 338, 341, 343, 344, 346, 350, 351, 353, 354, 356, 357, 359, 363, 371, 372, 373, 374, 375, 377, 385, 389, 390, 391, 394, 396, 398, 399, 425, 426, 428, 435, 436, 437, 438, 441, 477, 478, 479, 483, 484, 485, 487, 488, 490, 502, 503, 505, 506], "summary": {"covered_lines": 169, "num_statements": 201, "percent_covered": 84.04669260700389, "percent_covered_display": "84.05", "missing_lines": 32, "excluded_lines": 0, "num_branches": 56, "num_partial_branches": 5, "covered_branches": 47, "missing_branches": 9}, "missing_lines": [81, 82, 87, 88, 163, 164, 165, 190, 191, 261, 262, 268, 269, 430, 431, 442, 443, 445, 451, 452, 453, 454, 456, 457, 459, 460, 461, 462, 465, 472, 473, 475], "excluded_lines": [], "executed_branches": [[78, 79], [78, 85], [80, 85], [86, 90], [97, 98], [97, 119], [102, 103], [102, 108], [110, 111], [110, 115], [154, 155], [154, 158], [189, 194], [236, 237], [236, 241], [244, 245], [244, 249], [252, 253], [252, 257], [260, 265], [267, 272], [286, 287], [286, 290], [290, 291], [290, 292], [292, 293], [292, 295], [301, 302], [301, 305], [308, 309], [308, 310], [310, 311], [310, 314], [323, 324], [323, 327], [327, 328], [327, 330], [337, 338], [337, 341], [343, 344], [343, 346], [353, 354], [353, 356], [356, 357], [356, 359], [398, 399], [398, 425]], "missing_branches": [[80, 81], [86, 87], [189, 190], [260, 261], [267, 268], [452, 453], [452, 456], [459, 460], [459, 465]]}, "": {"executed_lines": [1, 20, 21, 22, 23, 24, 25, 28, 31, 32, 33, 36, 41, 44, 45, 52, 65, 134, 167, 202, 277, 297, 317, 332, 348, 361, 387, 433, 481, 510], "summary": {"covered_lines": 27, "num_statements": 27, "percent_covered": 100.0, "percent_covered_display": "100.00", "missing_lines": 0, "excluded_lines": 31, "num_branches": 0, "num_partial_branches": 0, "covered_branches": 0, "missing_branches": 0}, "missing_lines": [], "excluded_lines": [510, 511, 513, 514, 515, 516, 517, 519, 521, 522, 525, 527, 528, 530, 531, 532, 535, 536, 537, 538, 539, 540, 541, 543, 546, 547, 549, 550, 551, 552, 553], "executed_branches": [], "missing_branches": []}}}}, "totals": {"covered_lines": 266, "num_statements": 385, "percent_covered": 64.35643564356435, "percent_covered_display": "64.36", "missing_lines": 119, "excluded_lines": 69, "num_branches": 120, "num_partial_branches": 11, "covered_branches": 59, "missing_branches": 61}}