{"meta": {"format": 3, "version": "7.10.7", "timestamp": "2025-10-14T10:17:04.501359", "branch_coverage": true, "show_contexts": false}, "files": {"init_db.py": {"executed_lines": [], "summary": {"covered_lines": 0, "num_statements": 117, "percent_covered": 0.0, "percent_covered_display": "0.00", "missing_lines": 117, "excluded_lines": 2, "num_branches": 12, "num_partial_branches": 0, "covered_branches": 0, "missing_branches": 12}, "missing_lines": [32, 33, 34, 35, 36, 37, 40, 45, 48, 51, 52, 54, 63, 66, 67, 68, 71, 72, 74, 77, 78, 79, 80, 81, 82, 83, 84, 85, 86, 87, 88, 91, 92, 93, 94, 95, 96, 99, 102, 103, 105, 107, 109, 111, 146, 148, 150, 179, 181, 183, 250, 252, 254, 290, 292, 294, 335, 337, 339, 372, 374, 376, 406, 408, 410, 434, 436, 438, 465, 467, 469, 497, 499, 501, 524, 526, 528, 565, 567, 569, 600, 602, 604, 631, 633, 635, 673, 675, 678, 720, 721, 728, 729, 731, 733, 734, 736, 737, 739, 740, 741, 742, 743, 745, 748, 749, 750, 751, 752, 753, 755, 757, 759, 760, 762, 763, 765], "excluded_lines": [768, 769], "executed_branches": [], "missing_branches": [[66, 67], [66, 71], [91, 92], [91, 99], [720, 721], [720, 728], [728, -673], [728, 729], [740, 741], [740, 745], [759, 760], [759, 762]], "functions": {"DatabaseInitializer.__init__": {"executed_lines": [], "summary": {"covered_lines": 0, "num_statements": 1, "percent_covered": 0.0, "percent_covered_display": "0.00", "missing_lines": 1, "excluded_lines": 0, "num_branches": 0, "num_partial_branches": 0, "covered_branches": 0, "missing_branches": 0}, "missing_lines": [52], "excluded_lines": [], "executed_branches": [], "missing_branches": []}, "DatabaseInitializer.initialize": {"executed_lines": [], "summary": {"covered_lines": 0, "num_statements": 29, "percent_covered": 0.0, "percent_covered_display": "0.00", "missing_lines": 29, "excluded_lines": 0, "num_branches": 4, "num_partial_branches": 0, "covered_branches": 0, "missing_branches": 4}, "missing_lines": [63, 66, 67, 68, 71, 72, 74, 77, 78, 79, 80, 81, 82, 83, 84, 85, 86, 87, 88, 91, 92, 93, 94, 95, 96, 99, 102, 103, 105], "excluded_lines": [], "executed_branches": [], "missing_branches": [[66, 67], [66, 71], [91, 92], [91, 99]]}, "DatabaseInitializer._create_tickers_table": {"executed_lines": [], "summary": {"covered_lines": 0, "num_statements": 2, "percent_covered": 0.0, "percent_covered_display": "0.00", "missing_lines": 2, "excluded_lines": 0, "num_branches": 0, "num_partial_branches": 0, "covered_branches": 0, "missing_branches": 0}, "missing_lines": [109, 111], "excluded_lines": [], "executed_branches": [], "missing_branches": []}, "DatabaseInitializer._create_stock_details_table": {"executed_lines": [], "summary": {"covered_lines": 0, "num_statements": 2, "percent_covered": 0.0, "percent_covered_display": "0.00", "missing_lines": 2, "excluded_lines": 0, "num_branches": 0, "num_partial_branches": 0, "covered_branches": 0, "missing_branches": 0}, "missing_lines": [148, 150], "excluded_lines": [], "executed_branches": [], "missing_branches": []}, "DatabaseInitializer._create_etf_details_table": {"executed_lines": [], "summary": {"covered_lines": 0, "num_statements": 2, "percent_covered": 0.0, "percent_covered_display": "0.00", "missing_lines": 2, "excluded_lines": 0, "num_branches": 0, "num_partial_branches": 0, "covered_branches": 0, "missing_branches": 0}, "missing_lines": [181, 183], "excluded_lines": [], "executed_branches": [], "missing_branches": []}, "DatabaseInitializer._create_ticker_fundamentals_table": {"executed_lines": [], "summary": {"covered_lines": 0, "num_statements": 2, "percent_covered": 0.0, "percent_covered_display": "0.00", "missing_lines": 2, "excluded_lines": 0, "num_branches": 0, "num_partial_branches": 0, "covered_branches": 0, "missing_branches": 0}, "missing_lines": [252, 254], "excluded_lines": [], "executed_branches": [], "missing_branches": []}, "DatabaseInitializer._create_ohlcv_table": {"executed_lines": [], "summary": {"covered_lines": 0, "num_statements": 2, "percent_covered": 0.0, "percent_covered_display": "0.00", "missing_lines": 2, "excluded_lines": 0, "num_branches": 0, "num_partial_branches": 0, "covered_branches": 0, "missing_branches": 0}, "missing_lines": [292, 294], "excluded_lines": [], "executed_branches": [], "missing_branches": []}, "DatabaseInitializer._create_technical_analysis_table": {"executed_lines": [], "summary": {"covered_lines": 0, "num_statements": 2, "percent_covered": 0.0, "percent_covered_display": "0.00", "missing_lines": 2, "excluded_lines": 0, "num_branches": 0, "num_partial_branches": 0, "covered_branches": 0, "missing_branches": 0}, "missing_lines": [337, 339], "excluded_lines": [], "executed_branches": [], "missing_branches": []}, "DatabaseInitializer._create_trades_table": {"executed_lines": [], "summary": {"covered_lines": 0, "num_statements": 2, "percent_covered": 0.0, "percent_covered_display": "0.00", "missing_lines": 2, "excluded_lines": 0, "num_branches": 0, "num_partial_branches": 0, "covered_branches": 0, "missing_branches": 0}, "missing_lines": [374, 376], "excluded_lines": [], "executed_branches": [], "missing_branches": []}, "DatabaseInitializer._create_portfolio_table": {"executed_lines": [], "summary": {"covered_lines": 0, "num_statements": 2, "percent_covered": 0.0, "percent_covered_display": "0.00", "missing_lines": 2, "excluded_lines": 0, "num_branches": 0, "num_partial_branches": 0, "covered_branches": 0, "missing_branches": 0}, "missing_lines": [408, 410], "excluded_lines": [], "executed_branches": [], "missing_branches": []}, "DatabaseInitializer._create_kelly_sizing_table": {"executed_lines": [], "summary": {"covered_lines": 0, "num_statements": 2, "percent_covered": 0.0, "percent_covered_display": "0.00", "missing_lines": 2, "excluded_lines": 0, "num_branches": 0, "num_partial_branches": 0, "covered_branches": 0, "missing_branches": 0}, "missing_lines": [436, 438], "excluded_lines": [], "executed_branches": [], "missing_branches": []}, "DatabaseInitializer._create_market_sentiment_table": {"executed_lines": [], "summary": {"covered_lines": 0, "num_statements": 2, "percent_covered": 0.0, "percent_covered_display": "0.00", "missing_lines": 2, "excluded_lines": 0, "num_branches": 0, "num_partial_branches": 0, "covered_branches": 0, "missing_branches": 0}, "missing_lines": [467, 469], "excluded_lines": [], "executed_branches": [], "missing_branches": []}, "DatabaseInitializer._create_kis_api_logs_table": {"executed_lines": [], "summary": {"covered_lines": 0, "num_statements": 2, "percent_covered": 0.0, "percent_covered_display": "0.00", "missing_lines": 2, "excluded_lines": 0, "num_branches": 0, "num_partial_branches": 0, "covered_branches": 0, "missing_branches": 0}, "missing_lines": [499, 501], "excluded_lines": [], "executed_branches": [], "missing_branches": []}, "DatabaseInitializer._create_balance_sheet_table": {"executed_lines": [], "summary": {"covered_lines": 0, "num_statements": 2, "percent_covered": 0.0, "percent_covered_display": "0.00", "missing_lines": 2, "excluded_lines": 0, "num_branches": 0, "num_partial_branches": 0, "covered_branches": 0, "missing_branches": 0}, "missing_lines": [526, 528], "excluded_lines": [], "executed_branches": [], "missing_branches": []}, "DatabaseInitializer._create_income_statement_table": {"executed_lines": [], "summary": {"covered_lines": 0, "num_statements": 2, "percent_covered": 0.0, "percent_covered_display": "0.00", "missing_lines": 2, "excluded_lines": 0, "num_branches": 0, "num_partial_branches": 0, "covered_branches": 0, "missing_branches": 0}, "missing_lines": [567, 569], "excluded_lines": [], "executed_branches": [], "missing_branches": []}, "DatabaseInitializer._create_cash_flow_statement_table": {"executed_lines": [], "summary": {"covered_lines": 0, "num_statements": 2, "percent_covered": 0.0, "percent_covered_display": "0.00", "missing_lines": 2, "excluded_lines": 0, "num_branches": 0, "num_partial_branches": 0, "covered_branches": 0, "missing_branches": 0}, "missing_lines": [602, 604], "excluded_lines": [], "executed_branches": [], "missing_branches": []}, "DatabaseInitializer._create_financial_ratios_table": {"executed_lines": [], "summary": {"covered_lines": 0, "num_statements": 2, "percent_covered": 0.0, "percent_covered_display": "0.00", "missing_lines": 2, "excluded_lines": 0, "num_branches": 0, "num_partial_branches": 0, "covered_branches": 0, "missing_branches": 0}, "missing_lines": [633, 635], "excluded_lines": [], "executed_branches": [], "missing_branches": []}, "DatabaseInitializer._create_indexes": {"executed_lines": [], "summary": {"covered_lines": 0, "num_statements": 6, "percent_covered": 0.0, "percent_covered_display": "0.00", "missing_lines": 6, "excluded_lines": 0, "num_branches": 4, "num_partial_branches": 0, "covered_branches": 0, "missing_branches": 4}, "missing_lines": [675, 678, 720, 721, 728, 729], "excluded_lines": [], "executed_branches": [], "missing_branches": [[720, 721], [720, 728], [728, -673], [728, 729]]}, "DatabaseInitializer.verify_tables": {"executed_lines": [], "summary": {"covered_lines": 0, "num_statements": 10, "percent_covered": 0.0, "percent_covered_display": "0.00", "missing_lines": 10, "excluded_lines": 0, "num_branches": 2, "num_partial_branches": 0, "covered_branches": 0, "missing_branches": 2}, "missing_lines": [733, 734, 736, 737, 739, 740, 741, 742, 743, 745], "excluded_lines": [], "executed_branches": [], "missing_branches": [[740, 741], [740, 745]]}, "main": {"executed_lines": [], "summary": {"covered_lines": 0, "num_statements": 12, "percent_covered": 0.0, "percent_covered_display": "0.00", "missing_lines": 12, "excluded_lines": 0, "num_branches": 2, "num_partial_branches": 0, "covered_branches": 0, "missing_branches": 2}, "missing_lines": [749, 750, 751, 752, 753, 755, 757, 759, 760, 762, 763, 765], "excluded_lines": [], "executed_branches": [], "missing_branches": [[759, 760], [759, 762]]}, "": {"executed_lines": [], "summary": {"covered_lines": 0, "num_statements": 29, "percent_covered": 0.0, "percent_covered_display": "0.00", "missing_lines": 29, "excluded_lines": 2, "num_branches": 0, "num_partial_branches": 0, "covered_branches": 0, "missing_branches": 0}, "missing_lines": [32, 33, 34, 35, 36, 37, 40, 45, 48, 51, 54, 107, 146, 179, 250, 290, 335, 372, 406, 434, 465, 497, 524, 565, 600, 631, 673, 731, 748], "excluded_lines": [768, 769], "executed_branches": [], "missing_branches": []}}, "classes": {"DatabaseInitializer": {"executed_lines": [], "summary": {"covered_lines": 0, "num_statements": 76, "percent_covered": 0.0, "percent_covered_display": "0.00", "missing_lines": 76, "excluded_lines": 0, "num_branches": 10, "num_partial_branches": 0, "covered_branches": 0, "missing_branches": 10}, "missing_lines": [52, 63, 66, 67, 68, 71, 72, 74, 77, 78, 79, 80, 81, 82, 83, 84, 85, 86, 87, 88, 91, 92, 93, 94, 95, 96, 99, 102, 103, 105, 109, 111, 148, 150, 181, 183, 252, 254, 292, 294, 337, 339, 374, 376, 408, 410, 436, 438, 467, 469, 499, 501, 526, 528, 567, 569, 602, 604, 633, 635, 675, 678, 720, 721, 728, 729, 733, 734, 736, 737, 739, 740, 741, 742, 743, 745], "excluded_lines": [], "executed_branches": [], "missing_branches": [[66, 67], [66, 71], [91, 92], [91, 99], [720, 721], [720, 728], [728, -673], [728, 729], [740, 741], [740, 745]]}, "": {"executed_lines": [], "summary": {"covered_lines": 0, "num_statements": 41, "percent_covered": 0.0, "percent_covered_display": "0.00", "missing_lines": 41, "excluded_lines": 2, "num_branches": 2, "num_partial_branches": 0, "covered_branches": 0, "missing_branches": 2}, "missing_lines": [32, 33, 34, 35, 36, 37, 40, 45, 48, 51, 54, 107, 146, 179, 250, 290, 335, 372, 406, 434, 465, 497, 524, 565, 600, 631, 673, 731, 748, 749, 750, 751, 752, 753, 755, 757, 759, 760, 762, 763, 765], "excluded_lines": [768, 769], "executed_branches": [], "missing_branches": [[759, 760], [759, 762]]}}}, "modules/api_clients/__init__.py": {"executed_lines": [1, 19, 20, 21, 22, 23, 24, 26], "summary": {"covered_lines": 7, "num_statements": 7, "percent_covered": 100.0, "percent_covered_display": "100.00", "missing_lines": 0, "excluded_lines": 0, "num_branches": 0, "num_partial_branches": 0, "covered_branches": 0, "missing_branches": 0}, "missing_lines": [], "excluded_lines": [], "executed_branches": [], "missing_branches": [], "functions": {"": {"executed_lines": [1, 19, 20, 21, 22, 23, 24, 26], "summary": {"covered_lines": 7, "num_statements": 7, "percent_covered": 100.0, "percent_covered_display": "100.00", "missing_lines": 0, "excluded_lines": 0, "num_branches": 0, "num_partial_branches": 0, "covered_branches": 0, "missing_branches": 0}, "missing_lines": [], "excluded_lines": [], "executed_branches": [], "missing_branches": []}}, "classes": {"": {"executed_lines": [1, 19, 20, 21, 22, 23, 24, 26], "summary": {"covered_lines": 7, "num_statements": 7, "percent_covered": 100.0, "percent_covered_display": "100.00", "missing_lines": 0, "excluded_lines": 0, "num_branches": 0, "num_partial_branches": 0, "covered_branches": 0, "missing_branches": 0}, "missing_lines": [], "excluded_lines": [], "executed_branches": [], "missing_branches": []}}}, "modules/api_clients/akshare_api.py": {"executed_lines": [1, 19, 20, 21, 22, 23, 24, 26, 29, 30, 39, 47, 48, 50, 52, 65, 93, 136, 171, 249, 274, 299, 320, 345], "summary": {"covered_lines": 22, "num_statements": 130, "percent_covered": 11.827956989247312, "percent_covered_display": "11.83", "missing_lines": 108, "excluded_lines": 0, "num_branches": 56, "num_partial_branches": 0, "covered_branches": 0, "missing_branches": 56}, "missing_lines": [54, 55, 57, 58, 60, 61, 63, 77, 78, 79, 80, 81, 82, 83, 84, 86, 87, 88, 90, 91, 110, 111, 113, 114, 117, 127, 129, 131, 132, 134, 148, 149, 151, 152, 155, 156, 157, 158, 159, 160, 162, 164, 166, 167, 169, 191, 193, 194, 195, 196, 197, 198, 199, 200, 202, 204, 205, 208, 209, 212, 220, 221, 224, 235, 238, 240, 242, 244, 245, 247, 259, 260, 262, 263, 265, 267, 269, 270, 272, 284, 285, 287, 288, 290, 292, 294, 295, 297, 310, 311, 313, 314, 317, 318, 330, 331, 334, 335, 336, 337, 340, 341, 343, 355, 356, 357, 358, 360], "excluded_lines": [], "executed_branches": [], "missing_branches": [[54, 55], [54, 57], [60, 61], [60, 63], [77, -65], [77, 78], [86, 87], [86, 90], [113, 114], [113, 117], [131, 132], [131, 134], [151, 152], [151, 155], [156, 157], [156, 162], [159, 156], [159, 160], [166, 167], [166, 169], [193, 194], [193, 208], [195, 196], [195, 197], [197, 198], [197, 199], [199, 200], [199, 202], [220, 221], [220, 224], [244, 245], [244, 247], [262, 263], [262, 265], [269, 270], [269, 272], [287, 288], [287, 290], [294, 295], [294, 297], [310, 311], [310, 313], [313, 314], [313, 317], [330, 331], [330, 334], [335, 336], [335, 340], [336, 335], [336, 337], [340, 341], [340, 343], [355, 356], [355, 357], [357, 358], [357, 360]], "functions": {"AkShareAPI.__init__": {"executed_lines": [47, 48, 50], "summary": {"covered_lines": 3, "num_statements": 3, "percent_covered": 100.0, "percent_covered_display": "100.00", "missing_lines": 0, "excluded_lines": 0, "num_branches": 0, "num_partial_branches": 0, "covered_branches": 0, "missing_branches": 0}, "missing_lines": [], "excluded_lines": [], "executed_branches": [], "missing_branches": []}, "AkShareAPI._rate_limit_sleep": {"executed_lines": [], "summary": {"covered_lines": 0, "num_statements": 7, "percent_covered": 0.0, "percent_covered_display": "0.00", "missing_lines": 7, "excluded_lines": 0, "num_branches": 4, "num_partial_branches": 0, "covered_branches": 0, "missing_branches": 4}, "missing_lines": [54, 55, 57, 58, 60, 61, 63], "excluded_lines": [], "executed_branches": [], "missing_branches": [[54, 55], [54, 57], [60, 61], [60, 63]]}, "AkShareAPI._retry_on_failure": {"executed_lines": [], "summary": {"covered_lines": 0, "num_statements": 13, "percent_covered": 0.0, "percent_covered_display": "0.00", "missing_lines": 13, "excluded_lines": 0, "num_branches": 4, "num_partial_branches": 0, "covered_branches": 0, "missing_branches": 4}, "missing_lines": [77, 78, 79, 80, 81, 82, 83, 84, 86, 87, 88, 90, 91], "excluded_lines": [], "executed_branches": [], "missing_branches": [[77, -65], [77, 78], [86, 87], [86, 90]]}, "AkShareAPI.get_stock_list_realtime": {"executed_lines": [], "summary": {"covered_lines": 0, "num_statements": 5, "percent_covered": 0.0, "percent_covered_display": "0.00", "missing_lines": 5, "excluded_lines": 0, "num_branches": 2, "num_partial_branches": 0, "covered_branches": 0, "missing_branches": 2}, "missing_lines": [110, 129, 131, 132, 134], "excluded_lines": [], "executed_branches": [], "missing_branches": [[131, 132], [131, 134]]}, "AkShareAPI.get_stock_list_realtime._fetch": {"executed_lines": [], "summary": {"covered_lines": 0, "num_statements": 5, "percent_covered": 0.0, "percent_covered_display": "0.00", "missing_lines": 5, "excluded_lines": 0, "num_branches": 2, "num_partial_branches": 0, "covered_branches": 0, "missing_branches": 2}, "missing_lines": [111, 113, 114, 117, 127], "excluded_lines": [], "executed_branches": [], "missing_branches": [[113, 114], [113, 117]]}, "AkShareAPI.get_stock_info": {"executed_lines": [], "summary": {"covered_lines": 0, "num_statements": 5, "percent_covered": 0.0, "percent_covered_display": "0.00", "missing_lines": 5, "excluded_lines": 0, "num_branches": 2, "num_partial_branches": 0, "covered_branches": 0, "missing_branches": 2}, "missing_lines": [148, 164, 166, 167, 169], "excluded_lines": [], "executed_branches": [], "missing_branches": [[166, 167], [166, 169]]}, "AkShareAPI.get_stock_info._fetch": {"executed_lines": [], "summary": {"covered_lines": 0, "num_statements": 10, "percent_covered": 0.0, "percent_covered_display": "0.00", "missing_lines": 10, "excluded_lines": 0, "num_branches": 6, "num_partial_branches": 0, "covered_branches": 0, "missing_branches": 6}, "missing_lines": [149, 151, 152, 155, 156, 157, 158, 159, 160, 162], "excluded_lines": [], "executed_branches": [], "missing_branches": [[151, 152], [151, 155], [156, 157], [156, 162], [159, 156], [159, 160]]}, "AkShareAPI.get_stock_daily_ohlcv": {"executed_lines": [], "summary": {"covered_lines": 0, "num_statements": 5, "percent_covered": 0.0, "percent_covered_display": "0.00", "missing_lines": 5, "excluded_lines": 0, "num_branches": 2, "num_partial_branches": 0, "covered_branches": 0, "missing_branches": 2}, "missing_lines": [191, 242, 244, 245, 247], "excluded_lines": [], "executed_branches": [], "missing_branches": [[244, 245], [244, 247]]}, "AkShareAPI.get_stock_daily_ohlcv._fetch": {"executed_lines": [], "summary": {"covered_lines": 0, "num_statements": 20, "percent_covered": 0.0, "percent_covered_display": "0.00", "missing_lines": 20, "excluded_lines": 0, "num_branches": 10, "num_partial_branches": 0, "covered_branches": 0, "missing_branches": 10}, "missing_lines": [193, 194, 195, 196, 197, 198, 199, 200, 202, 204, 205, 208, 209, 212, 220, 221, 224, 235, 238, 240], "excluded_lines": [], "executed_branches": [], "missing_branches": [[193, 194], [193, 208], [195, 196], [195, 197], [197, 198], [197, 199], [199, 200], [199, 202], [220, 221], [220, 224]]}, "AkShareAPI.get_industry_classification": {"executed_lines": [], "summary": {"covered_lines": 0, "num_statements": 5, "percent_covered": 0.0, "percent_covered_display": "0.00", "missing_lines": 5, "excluded_lines": 0, "num_branches": 2, "num_partial_branches": 0, "covered_branches": 0, "missing_branches": 2}, "missing_lines": [259, 267, 269, 270, 272], "excluded_lines": [], "executed_branches": [], "missing_branches": [[269, 270], [269, 272]]}, "AkShareAPI.get_industry_classification._fetch": {"executed_lines": [], "summary": {"covered_lines": 0, "num_statements": 4, "percent_covered": 0.0, "percent_covered_display": "0.00", "missing_lines": 4, "excluded_lines": 0, "num_branches": 2, "num_partial_branches": 0, "covered_branches": 0, "missing_branches": 2}, "missing_lines": [260, 262, 263, 265], "excluded_lines": [], "executed_branches": [], "missing_branches": [[262, 263], [262, 265]]}, "AkShareAPI.get_concept_classification": {"executed_lines": [], "summary": {"covered_lines": 0, "num_statements": 5, "percent_covered": 0.0, "percent_covered_display": "0.00", "missing_lines": 5, "excluded_lines": 0, "num_branches": 2, "num_partial_branches": 0, "covered_branches": 0, "missing_branches": 2}, "missing_lines": [284, 292, 294, 295, 297], "excluded_lines": [], "executed_branches": [], "missing_branches": [[294, 295], [294, 297]]}, "AkShareAPI.get_concept_classification._fetch": {"executed_lines": [], "summary": {"covered_lines": 0, "num_statements": 4, "percent_covered": 0.0, "percent_covered_display": "0.00", "missing_lines": 4, "excluded_lines": 0, "num_branches": 2, "num_partial_branches": 0, "covered_branches": 0, "missing_branches": 2}, "missing_lines": [285, 287, 288, 290], "excluded_lines": [], "executed_branches": [], "missing_branches": [[287, 288], [287, 290]]}, "AkShareAPI.validate_ticker": {"executed_lines": [], "summary": {"covered_lines": 0, "num_statements": 6, "percent_covered": 0.0, "percent_covered_display": "0.00", "missing_lines": 6, "excluded_lines": 0, "num_branches": 4, "num_partial_branches": 0, "covered_branches": 0, "missing_branches": 4}, "missing_lines": [310, 311, 313, 314, 317, 318], "excluded_lines": [], "executed_branches": [], "missing_branches": [[310, 311], [310, 313], [313, 314], [313, 317]]}, "AkShareAPI.normalize_ticker": {"executed_lines": [], "summary": {"covered_lines": 0, "num_statements": 9, "percent_covered": 0.0, "percent_covered_display": "0.00", "missing_lines": 9, "excluded_lines": 0, "num_branches": 8, "num_partial_branches": 0, "covered_branches": 0, "missing_branches": 8}, "missing_lines": [330, 331, 334, 335, 336, 337, 340, 341, 343], "excluded_lines": [], "executed_branches": [], "missing_branches": [[330, 331], [330, 334], [335, 336], [335, 340], [336, 335], [336, 337], [340, 341], [340, 343]]}, "AkShareAPI.get_exchange": {"executed_lines": [], "summary": {"covered_lines": 0, "num_statements": 5, "percent_covered": 0.0, "percent_covered_display": "0.00", "missing_lines": 5, "excluded_lines": 0, "num_branches": 4, "num_partial_branches": 0, "covered_branches": 0, "missing_branches": 4}, "missing_lines": [355, 356, 357, 358, 360], "excluded_lines": [], "executed_branches": [], "missing_branches": [[355, 356], [355, 357], [357, 358], [357, 360]]}, "": {"executed_lines": [1, 19, 20, 21, 22, 23, 24, 26, 29, 30, 39, 52, 65, 93, 136, 171, 249, 274, 299, 320, 345], "summary": {"covered_lines": 19, "num_statements": 19, "percent_covered": 100.0, "percent_covered_display": "100.00", "missing_lines": 0, "excluded_lines": 0, "num_branches": 0, "num_partial_branches": 0, "covered_branches": 0, "missing_branches": 0}, "missing_lines": [], "excluded_lines": [], "executed_branches": [], "missing_branches": []}}, "classes": {"AkShareAPI": {"executed_lines": [47, 48, 50], "summary": {"covered_lines": 3, "num_statements": 111, "percent_covered": 1.7964071856287425, "percent_covered_display": "1.80", "missing_lines": 108, "excluded_lines": 0, "num_branches": 56, "num_partial_branches": 0, "covered_branches": 0, "missing_branches": 56}, "missing_lines": [54, 55, 57, 58, 60, 61, 63, 77, 78, 79, 80, 81, 82, 83, 84, 86, 87, 88, 90, 91, 110, 111, 113, 114, 117, 127, 129, 131, 132, 134, 148, 149, 151, 152, 155, 156, 157, 158, 159, 160, 162, 164, 166, 167, 169, 191, 193, 194, 195, 196, 197, 198, 199, 200, 202, 204, 205, 208, 209, 212, 220, 221, 224, 235, 238, 240, 242, 244, 245, 247, 259, 260, 262, 263, 265, 267, 269, 270, 272, 284, 285, 287, 288, 290, 292, 294, 295, 297, 310, 311, 313, 314, 317, 318, 330, 331, 334, 335, 336, 337, 340, 341, 343, 355, 356, 357, 358, 360], "excluded_lines": [], "executed_branches": [], "missing_branches": [[54, 55], [54, 57], [60, 61], [60, 63], [77, -65], [77, 78], [86, 87], [86, 90], [113, 114], [113, 117], [131, 132], [131, 134], [151, 152], [151, 155], [156, 157], [156, 162], [159, 156], [159, 160], [166, 167], [166, 169], [193, 194], [193, 208], [195, 196], [195, 197], [197, 198], [197, 199], [199, 200], [199, 202], [220, 221], [220, 224], [244, 245], [244, 247], [262, 263], [262, 265], [269, 270], [269, 272], [287, 288], [287, 290], [294, 295], [294, 297], [310, 311], [310, 313], [313, 314], [313, 317], [330, 331], [330, 334], [335, 336], [335, 340], [336, 335], [336, 337], [340, 341], [340, 343], [355, 356], [355, 357], [357, 358], [357, 360]]}, "": {"executed_lines": [1, 19, 20, 21, 22, 23, 24, 26, 29, 30, 39, 52, 65, 93, 136, 171, 249, 274, 299, 320, 345], "summary": {"covered_lines": 19, "num_statements": 19, "percent_covered": 100.0, "percent_covered_display": "100.00", "missing_lines": 0, "excluded_lines": 0, "num_branches": 0, "num_partial_branches": 0, "covered_branches": 0, "missing_branches": 0}, "missing_lines": [], "excluded_lines": [], "executed_branches": [], "missing_branches": []}}}, "modules/api_clients/kis_domestic_stock_api.py": {"executed_lines": [1, 13, 14, 15, 16, 17, 18, 19, 21, 24, 25, 36, 59, 98, 193, 254, 269, 307], "summary": {"covered_lines": 16, "num_statements": 107, "percent_covered": 12.8, "percent_covered_display": "12.80", "missing_lines": 91, "excluded_lines": 0, "num_branches": 18, "num_partial_branches": 0, "covered_branches": 0, "missing_branches": 18}, "missing_lines": [48, 49, 50, 52, 53, 56, 57, 70, 71, 72, 74, 75, 76, 82, 83, 84, 85, 87, 88, 89, 91, 92, 94, 95, 96, 112, 114, 117, 120, 122, 130, 139, 140, 141, 142, 145, 146, 147, 148, 151, 152, 153, 154, 157, 160, 170, 173, 174, 177, 180, 183, 184, 186, 187, 189, 190, 191, 206, 208, 210, 218, 223, 224, 225, 226, 229, 230, 231, 232, 235, 237, 247, 248, 250, 251, 252, 261, 262, 263, 265, 266, 267, 295, 299, 305, 315, 316, 317, 318, 319, 321], "excluded_lines": [], "executed_branches": [], "missing_branches": [[70, 71], [70, 74], [71, 72], [71, 74], [145, 146], [145, 151], [152, 153], [152, 157], [173, 174], [173, 177], [183, 184], [183, 186], [229, 230], [229, 235], [315, 316], [315, 321], [317, 318], [317, 321]], "functions": {"KISDomesticStockAPI.__init__": {"executed_lines": [], "summary": {"covered_lines": 0, "num_statements": 7, "percent_covered": 0.0, "percent_covered_display": "0.00", "missing_lines": 7, "excluded_lines": 0, "num_branches": 0, "num_partial_branches": 0, "covered_branches": 0, "missing_branches": 0}, "missing_lines": [48, 49, 50, 52, 53, 56, 57], "excluded_lines": [], "executed_branches": [], "missing_branches": []}, "KISDomesticStockAPI._get_access_token": {"executed_lines": [], "summary": {"covered_lines": 0, "num_statements": 18, "percent_covered": 0.0, "percent_covered_display": "0.00", "missing_lines": 18, "excluded_lines": 0, "num_branches": 4, "num_partial_branches": 0, "covered_branches": 0, "missing_branches": 4}, "missing_lines": [70, 71, 72, 74, 75, 76, 82, 83, 84, 85, 87, 88, 89, 91, 92, 94, 95, 96], "excluded_lines": [], "executed_branches": [], "missing_branches": [[70, 71], [70, 74], [71, 72], [71, 74]]}, "KISDomesticStockAPI.get_ohlcv": {"executed_lines": [], "summary": {"covered_lines": 0, "num_statements": 32, "percent_covered": 0.0, "percent_covered_display": "0.00", "missing_lines": 32, "excluded_lines": 0, "num_branches": 8, "num_partial_branches": 0, "covered_branches": 0, "missing_branches": 8}, "missing_lines": [112, 114, 117, 120, 122, 130, 139, 140, 141, 142, 145, 146, 147, 148, 151, 152, 153, 154, 157, 160, 170, 173, 174, 177, 180, 183, 184, 186, 187, 189, 190, 191], "excluded_lines": [], "executed_branches": [], "missing_branches": [[145, 146], [145, 151], [152, 153], [152, 157], [173, 174], [173, 177], [183, 184], [183, 186]]}, "KISDomesticStockAPI.get_current_price": {"executed_lines": [], "summary": {"covered_lines": 0, "num_statements": 19, "percent_covered": 0.0, "percent_covered_display": "0.00", "missing_lines": 19, "excluded_lines": 0, "num_branches": 2, "num_partial_branches": 0, "covered_branches": 0, "missing_branches": 2}, "missing_lines": [206, 208, 210, 218, 223, 224, 225, 226, 229, 230, 231, 232, 235, 237, 247, 248, 250, 251, 252], "excluded_lines": [], "executed_branches": [], "missing_branches": [[229, 230], [229, 235]]}, "KISDomesticStockAPI.check_connection": {"executed_lines": [], "summary": {"covered_lines": 0, "num_statements": 6, "percent_covered": 0.0, "percent_covered_display": "0.00", "missing_lines": 6, "excluded_lines": 0, "num_branches": 0, "num_partial_branches": 0, "covered_branches": 0, "missing_branches": 0}, "missing_lines": [261, 262, 263, 265, 266, 267], "excluded_lines": [], "executed_branches": [], "missing_branches": []}, "KISDomesticStockAPI.get_stock_info": {"executed_lines": [], "summary": {"covered_lines": 0, "num_statements": 3, "percent_covered": 0.0, "percent_covered_display": "0.00", "missing_lines": 3, "excluded_lines": 0, "num_branches": 0, "num_partial_branches": 0, "covered_branches": 0, "missing_branches": 0}, "missing_lines": [295, 299, 305], "excluded_lines": [], "executed_branches": [], "missing_branches": []}, "KISDomesticStockAPI._rate_limit": {"executed_lines": [], "summary": {"covered_lines": 0, "num_statements": 6, "percent_covered": 0.0, "percent_covered_display": "0.00", "missing_lines": 6, "excluded_lines": 0, "num_branches": 4, "num_partial_branches": 0, "covered_branches": 0, "missing_branches": 4}, "missing_lines": [315, 316, 317, 318, 319, 321], "excluded_lines": [], "executed_branches": [], "missing_branches": [[315, 316], [315, 321], [317, 318], [317, 321]]}, "": {"executed_lines": [1, 13, 14, 15, 16, 17, 18, 19, 21, 24, 25, 36, 59, 98, 193, 254, 269, 307], "summary": {"covered_lines": 16, "num_statements": 16, "percent_covered": 100.0, "percent_covered_display": "100.00", "missing_lines": 0, "excluded_lines": 0, "num_branches": 0, "num_partial_branches": 0, "covered_branches": 0, "missing_branches": 0}, "missing_lines": [], "excluded_lines": [], "executed_branches": [], "missing_branches": []}}, "classes": {"KISDomesticStockAPI": {"executed_lines": [], "summary": {"covered_lines": 0, "num_statements": 91, "percent_covered": 0.0, "percent_covered_display": "0.00", "missing_lines": 91, "excluded_lines": 0, "num_branches": 18, "num_partial_branches": 0, "covered_branches": 0, "missing_branches": 18}, "missing_lines": [48, 49, 50, 52, 53, 56, 57, 70, 71, 72, 74, 75, 76, 82, 83, 84, 85, 87, 88, 89, 91, 92, 94, 95, 96, 112, 114, 117, 120, 122, 130, 139, 140, 141, 142, 145, 146, 147, 148, 151, 152, 153, 154, 157, 160, 170, 173, 174, 177, 180, 183, 184, 186, 187, 189, 190, 191, 206, 208, 210, 218, 223, 224, 225, 226, 229, 230, 231, 232, 235, 237, 247, 248, 250, 251, 252, 261, 262, 263, 265, 266, 267, 295, 299, 305, 315, 316, 317, 318, 319, 321], "excluded_lines": [], "executed_branches": [], "missing_branches": [[70, 71], [70, 74], [71, 72], [71, 74], [145, 146], [145, 151], [152, 153], [152, 157], [173, 174], [173, 177], [183, 184], [183, 186], [229, 230], [229, 235], [315, 316], [315, 321], [317, 318], [317, 321]]}, "": {"executed_lines": [1, 13, 14, 15, 16, 17, 18, 19, 21, 24, 25, 36, 59, 98, 193, 254, 269, 307], "summary": {"covered_lines": 16, "num_statements": 16, "percent_covered": 100.0, "percent_covered_display": "100.00", "missing_lines": 0, "excluded_lines": 0, "num_branches": 0, "num_partial_branches": 0, "covered_branches": 0, "missing_branches": 0}, "missing_lines": [], "excluded_lines": [], "executed_branches": [], "missing_branches": []}}}, "modules/api_clients/kis_etf_api.py": {"executed_lines": [1, 13, 14, 15, 16, 17, 18, 20, 23, 24, 34, 57, 88, 168, 223, 286, 344, 354], "summary": {"covered_lines": 16, "num_statements": 145, "percent_covered": 9.35672514619883, "percent_covered_display": "9.36", "missing_lines": 129, "excluded_lines": 0, "num_branches": 26, "num_partial_branches": 0, "covered_branches": 0, "missing_branches": 26}, "missing_lines": [46, 47, 48, 50, 51, 54, 55, 60, 61, 62, 64, 65, 66, 72, 73, 74, 75, 77, 78, 79, 81, 82, 84, 85, 86, 102, 104, 106, 108, 116, 125, 126, 127, 128, 130, 131, 132, 133, 135, 136, 137, 138, 140, 141, 150, 152, 153, 155, 156, 158, 159, 161, 162, 164, 165, 166, 181, 183, 185, 193, 198, 199, 200, 201, 203, 204, 205, 206, 208, 210, 216, 217, 219, 220, 221, 237, 239, 241, 249, 254, 255, 256, 257, 259, 260, 261, 262, 264, 265, 266, 267, 270, 271, 272, 279, 280, 282, 283, 284, 299, 301, 303, 311, 316, 317, 318, 319, 321, 322, 323, 324, 326, 328, 337, 338, 340, 341, 342, 346, 347, 348, 350, 351, 352, 356, 357, 358, 359, 361], "excluded_lines": [], "executed_branches": [], "missing_branches": [[60, 61], [60, 64], [61, 62], [61, 64], [130, 131], [130, 135], [136, 137], [136, 140], [152, 153], [152, 155], [158, 159], [158, 161], [203, 204], [203, 208], [259, 260], [259, 264], [265, 266], [265, 270], [271, 272], [271, 279], [321, 322], [321, 326], [356, 357], [356, 361], [358, 359], [358, 361]], "functions": {"KISEtfAPI.__init__": {"executed_lines": [], "summary": {"covered_lines": 0, "num_statements": 7, "percent_covered": 0.0, "percent_covered_display": "0.00", "missing_lines": 7, "excluded_lines": 0, "num_branches": 0, "num_partial_branches": 0, "covered_branches": 0, "missing_branches": 0}, "missing_lines": [46, 47, 48, 50, 51, 54, 55], "excluded_lines": [], "executed_branches": [], "missing_branches": []}, "KISEtfAPI._get_access_token": {"executed_lines": [], "summary": {"covered_lines": 0, "num_statements": 18, "percent_covered": 0.0, "percent_covered_display": "0.00", "missing_lines": 18, "excluded_lines": 0, "num_branches": 4, "num_partial_branches": 0, "covered_branches": 0, "missing_branches": 4}, "missing_lines": [60, 61, 62, 64, 65, 66, 72, 73, 74, 75, 77, 78, 79, 81, 82, 84, 85, 86], "excluded_lines": [], "executed_branches": [], "missing_branches": [[60, 61], [60, 64], [61, 62], [61, 64]]}, "KISEtfAPI.get_ohlcv": {"executed_lines": [], "summary": {"covered_lines": 0, "num_statements": 31, "percent_covered": 0.0, "percent_covered_display": "0.00", "missing_lines": 31, "excluded_lines": 0, "num_branches": 8, "num_partial_branches": 0, "covered_branches": 0, "missing_branches": 8}, "missing_lines": [102, 104, 106, 108, 116, 125, 126, 127, 128, 130, 131, 132, 133, 135, 136, 137, 138, 140, 141, 150, 152, 153, 155, 156, 158, 159, 161, 162, 164, 165, 166], "excluded_lines": [], "executed_branches": [], "missing_branches": [[130, 131], [130, 135], [136, 137], [136, 140], [152, 153], [152, 155], [158, 159], [158, 161]]}, "KISEtfAPI.get_current_price": {"executed_lines": [], "summary": {"covered_lines": 0, "num_statements": 19, "percent_covered": 0.0, "percent_covered_display": "0.00", "missing_lines": 19, "excluded_lines": 0, "num_branches": 2, "num_partial_branches": 0, "covered_branches": 0, "missing_branches": 2}, "missing_lines": [181, 183, 185, 193, 198, 199, 200, 201, 203, 204, 205, 206, 208, 210, 216, 217, 219, 220, 221], "excluded_lines": [], "executed_branches": [], "missing_branches": [[203, 204], [203, 208]]}, "KISEtfAPI.get_nav_comparison_trend": {"executed_lines": [], "summary": {"covered_lines": 0, "num_statements": 24, "percent_covered": 0.0, "percent_covered_display": "0.00", "missing_lines": 24, "excluded_lines": 0, "num_branches": 6, "num_partial_branches": 0, "covered_branches": 0, "missing_branches": 6}, "missing_lines": [237, 239, 241, 249, 254, 255, 256, 257, 259, 260, 261, 262, 264, 265, 266, 267, 270, 271, 272, 279, 280, 282, 283, 284], "excluded_lines": [], "executed_branches": [], "missing_branches": [[259, 260], [259, 264], [265, 266], [265, 270], [271, 272], [271, 279]]}, "KISEtfAPI.get_etf_details": {"executed_lines": [], "summary": {"covered_lines": 0, "num_statements": 19, "percent_covered": 0.0, "percent_covered_display": "0.00", "missing_lines": 19, "excluded_lines": 0, "num_branches": 2, "num_partial_branches": 0, "covered_branches": 0, "missing_branches": 2}, "missing_lines": [299, 301, 303, 311, 316, 317, 318, 319, 321, 322, 323, 324, 326, 328, 337, 338, 340, 341, 342], "excluded_lines": [], "executed_branches": [], "missing_branches": [[321, 322], [321, 326]]}, "KISEtfAPI.check_connection": {"executed_lines": [], "summary": {"covered_lines": 0, "num_statements": 6, "percent_covered": 0.0, "percent_covered_display": "0.00", "missing_lines": 6, "excluded_lines": 0, "num_branches": 0, "num_partial_branches": 0, "covered_branches": 0, "missing_branches": 0}, "missing_lines": [346, 347, 348, 350, 351, 352], "excluded_lines": [], "executed_branches": [], "missing_branches": []}, "KISEtfAPI._rate_limit": {"executed_lines": [], "summary": {"covered_lines": 0, "num_statements": 5, "percent_covered": 0.0, "percent_covered_display": "0.00", "missing_lines": 5, "excluded_lines": 0, "num_branches": 4, "num_partial_branches": 0, "covered_branches": 0, "missing_branches": 4}, "missing_lines": [356, 357, 358, 359, 361], "excluded_lines": [], "executed_branches": [], "missing_branches": [[356, 357], [356, 361], [358, 359], [358, 361]]}, "": {"executed_lines": [1, 13, 14, 15, 16, 17, 18, 20, 23, 24, 34, 57, 88, 168, 223, 286, 344, 354], "summary": {"covered_lines": 16, "num_statements": 16, "percent_covered": 100.0, "percent_covered_display": "100.00", "missing_lines": 0, "excluded_lines": 0, "num_branches": 0, "num_partial_branches": 0, "covered_branches": 0, "missing_branches": 0}, "missing_lines": [], "excluded_lines": [], "executed_branches": [], "missing_branches": []}}, "classes": {"KISEtfAPI": {"executed_lines": [], "summary": {"covered_lines": 0, "num_statements": 129, "percent_covered": 0.0, "percent_covered_display": "0.00", "missing_lines": 129, "excluded_lines": 0, "num_branches": 26, "num_partial_branches": 0, "covered_branches": 0, "missing_branches": 26}, "missing_lines": [46, 47, 48, 50, 51, 54, 55, 60, 61, 62, 64, 65, 66, 72, 73, 74, 75, 77, 78, 79, 81, 82, 84, 85, 86, 102, 104, 106, 108, 116, 125, 126, 127, 128, 130, 131, 132, 133, 135, 136, 137, 138, 140, 141, 150, 152, 153, 155, 156, 158, 159, 161, 162, 164, 165, 166, 181, 183, 185, 193, 198, 199, 200, 201, 203, 204, 205, 206, 208, 210, 216, 217, 219, 220, 221, 237, 239, 241, 249, 254, 255, 256, 257, 259, 260, 261, 262, 264, 265, 266, 267, 270, 271, 272, 279, 280, 282, 283, 284, 299, 301, 303, 311, 316, 317, 318, 319, 321, 322, 323, 324, 326, 328, 337, 338, 340, 341, 342, 346, 347, 348, 350, 351, 352, 356, 357, 358, 359, 361], "excluded_lines": [], "executed_branches": [], "missing_branches": [[60, 61], [60, 64], [61, 62], [61, 64], [130, 131], [130, 135], [136, 137], [136, 140], [152, 153], [152, 155], [158, 159], [158, 161], [203, 204], [203, 208], [259, 260], [259, 264], [265, 266], [265, 270], [271, 272], [271, 279], [321, 322], [321, 326], [356, 357], [356, 361], [358, 359], [358, 361]]}, "": {"executed_lines": [1, 13, 14, 15, 16, 17, 18, 20, 23, 24, 34, 57, 88, 168, 223, 286, 344, 354], "summary": {"covered_lines": 16, "num_statements": 16, "percent_covered": 100.0, "percent_covered_display": "100.00", "missing_lines": 0, "excluded_lines": 0, "num_branches": 0, "num_partial_branches": 0, "covered_branches": 0, "missing_branches": 0}, "missing_lines": [], "excluded_lines": [], "executed_branches": [], "missing_branches": []}}}, "modules/api_clients/krx_data_api.py": {"executed_lines": [1, 12, 13, 14, 15, 17, 20, 21, 31, 33, 42, 92, 137, 180, 208, 289], "summary": {"covered_lines": 14, "num_statements": 100, "percent_covered": 11.666666666666666, "percent_covered_display": "11.67", "missing_lines": 86, "excluded_lines": 0, "num_branches": 20, "num_partial_branches": 0, "covered_branches": 0, "missing_branches": 20}, "missing_lines": [34, 35, 54, 64, 65, 66, 67, 69, 70, 71, 72, 74, 85, 86, 88, 89, 90, 101, 108, 109, 110, 111, 114, 116, 117, 118, 130, 131, 133, 134, 135, 149, 157, 158, 159, 160, 162, 163, 164, 173, 174, 176, 177, 178, 187, 189, 198, 199, 200, 202, 204, 205, 206, 229, 233, 234, 236, 244, 245, 246, 247, 250, 252, 253, 254, 255, 256, 258, 266, 267, 268, 271, 272, 273, 275, 276, 278, 279, 280, 281, 283, 284, 287, 299, 300, 301], "excluded_lines": [], "executed_branches": [], "missing_branches": [[70, 71], [70, 85], [117, 118], [117, 130], [163, 164], [163, 173], [233, 234], [233, 287], [253, 254], [253, 266], [255, 256], [255, 258], [266, 267], [266, 271], [271, 272], [271, 275], [279, 280], [279, 283], [299, 300], [299, 301]], "functions": {"KRXDataAPI.__init__": {"executed_lines": [], "summary": {"covered_lines": 0, "num_statements": 2, "percent_covered": 0.0, "percent_covered_display": "0.00", "missing_lines": 2, "excluded_lines": 0, "num_branches": 0, "num_partial_branches": 0, "covered_branches": 0, "missing_branches": 0}, "missing_lines": [34, 35], "excluded_lines": [], "executed_branches": [], "missing_branches": []}, "KRXDataAPI.get_stock_list": {"executed_lines": [], "summary": {"covered_lines": 0, "num_statements": 15, "percent_covered": 0.0, "percent_covered_display": "0.00", "missing_lines": 15, "excluded_lines": 0, "num_branches": 2, "num_partial_branches": 0, "covered_branches": 0, "missing_branches": 2}, "missing_lines": [54, 64, 65, 66, 67, 69, 70, 71, 72, 74, 85, 86, 88, 89, 90], "excluded_lines": [], "executed_branches": [], "missing_branches": [[70, 71], [70, 85]]}, "KRXDataAPI.get_etf_list": {"executed_lines": [], "summary": {"covered_lines": 0, "num_statements": 14, "percent_covered": 0.0, "percent_covered_display": "0.00", "missing_lines": 14, "excluded_lines": 0, "num_branches": 2, "num_partial_branches": 0, "covered_branches": 0, "missing_branches": 2}, "missing_lines": [101, 108, 109, 110, 111, 114, 116, 117, 118, 130, 131, 133, 134, 135], "excluded_lines": [], "executed_branches": [], "missing_branches": [[117, 118], [117, 130]]}, "KRXDataAPI.get_market_cap_data": {"executed_lines": [], "summary": {"covered_lines": 0, "num_statements": 13, "percent_covered": 0.0, "percent_covered_display": "0.00", "missing_lines": 13, "excluded_lines": 0, "num_branches": 2, "num_partial_branches": 0, "covered_branches": 0, "missing_branches": 2}, "missing_lines": [149, 157, 158, 159, 160, 162, 163, 164, 173, 174, 176, 177, 178], "excluded_lines": [], "executed_branches": [], "missing_branches": [[163, 164], [163, 173]]}, "KRXDataAPI.check_connection": {"executed_lines": [], "summary": {"covered_lines": 0, "num_statements": 9, "percent_covered": 0.0, "percent_covered_display": "0.00", "missing_lines": 9, "excluded_lines": 0, "num_branches": 0, "num_partial_branches": 0, "covered_branches": 0, "missing_branches": 0}, "missing_lines": [187, 189, 198, 199, 200, 202, 204, 205, 206], "excluded_lines": [], "executed_branches": [], "missing_branches": []}, "KRXDataAPI.get_sector_classification": {"executed_lines": [], "summary": {"covered_lines": 0, "num_statements": 30, "percent_covered": 0.0, "percent_covered_display": "0.00", "missing_lines": 30, "excluded_lines": 0, "num_branches": 12, "num_partial_branches": 0, "covered_branches": 0, "missing_branches": 12}, "missing_lines": [229, 233, 234, 236, 244, 245, 246, 247, 250, 252, 253, 254, 255, 256, 258, 266, 267, 268, 271, 272, 273, 275, 276, 278, 279, 280, 281, 283, 284, 287], "excluded_lines": [], "executed_branches": [], "missing_branches": [[233, 234], [233, 287], [253, 254], [253, 266], [255, 256], [255, 258], [266, 267], [266, 271], [271, 272], [271, 275], [279, 280], [279, 283]]}, "KRXDataAPI._parse_number": {"executed_lines": [], "summary": {"covered_lines": 0, "num_statements": 3, "percent_covered": 0.0, "percent_covered_display": "0.00", "missing_lines": 3, "excluded_lines": 0, "num_branches": 2, "num_partial_branches": 0, "covered_branches": 0, "missing_branches": 2}, "missing_lines": [299, 300, 301], "excluded_lines": [], "executed_branches": [], "missing_branches": [[299, 300], [299, 301]]}, "": {"executed_lines": [1, 12, 13, 14, 15, 17, 20, 21, 31, 33, 42, 92, 137, 180, 208, 289], "summary": {"covered_lines": 14, "num_statements": 14, "percent_covered": 100.0, "percent_covered_display": "100.00", "missing_lines": 0, "excluded_lines": 0, "num_branches": 0, "num_partial_branches": 0, "covered_branches": 0, "missing_branches": 0}, "missing_lines": [], "excluded_lines": [], "executed_branches": [], "missing_branches": []}}, "classes": {"KRXDataAPI": {"executed_lines": [], "summary": {"covered_lines": 0, "num_statements": 86, "percent_covered": 0.0, "percent_covered_display": "0.00", "missing_lines": 86, "excluded_lines": 0, "num_branches": 20, "num_partial_branches": 0, "covered_branches": 0, "missing_branches": 20}, "missing_lines": [34, 35, 54, 64, 65, 66, 67, 69, 70, 71, 72, 74, 85, 86, 88, 89, 90, 101, 108, 109, 110, 111, 114, 116, 117, 118, 130, 131, 133, 134, 135, 149, 157, 158, 159, 160, 162, 163, 164, 173, 174, 176, 177, 178, 187, 189, 198, 199, 200, 202, 204, 205, 206, 229, 233, 234, 236, 244, 245, 246, 247, 250, 252, 253, 254, 255, 256, 258, 266, 267, 268, 271, 272, 273, 275, 276, 278, 279, 280, 281, 283, 284, 287, 299, 300, 301], "excluded_lines": [], "executed_branches": [], "missing_branches": [[70, 71], [70, 85], [117, 118], [117, 130], [163, 164], [163, 173], [233, 234], [233, 287], [253, 254], [253, 266], [255, 256], [255, 258], [266, 267], [266, 271], [271, 272], [271, 275], [279, 280], [279, 283], [299, 300], [299, 301]]}, "": {"executed_lines": [1, 12, 13, 14, 15, 17, 20, 21, 31, 33, 42, 92, 137, 180, 208, 289], "summary": {"covered_lines": 14, "num_statements": 14, "percent_covered": 100.0, "percent_covered_display": "100.00", "missing_lines": 0, "excluded_lines": 0, "num_branches": 0, "num_partial_branches": 0, "covered_branches": 0, "missing_branches": 0}, "missing_lines": [], "excluded_lines": [], "executed_branches": [], "missing_branches": []}}}, "modules/api_clients/polygon_api.py": {"executed_lines": [1, 17, 18, 19, 20, 21, 23, 26, 27, 36, 39, 48, 56, 72, 85, 131, 206, 250, 312, 332, 353], "summary": {"covered_lines": 19, "num_statements": 110, "percent_covered": 14.17910447761194, "percent_covered_display": "14.18", "missing_lines": 91, "excluded_lines": 0, "num_branches": 24, "num_partial_branches": 0, "covered_branches": 0, "missing_branches": 24}, "missing_lines": [64, 65, 66, 67, 69, 70, 76, 77, 78, 79, 80, 81, 83, 100, 103, 104, 105, 108, 110, 111, 112, 114, 117, 118, 119, 120, 122, 124, 125, 126, 127, 128, 129, 163, 165, 166, 168, 176, 177, 180, 181, 183, 185, 188, 189, 191, 194, 195, 196, 199, 200, 201, 203, 204, 241, 243, 244, 245, 246, 247, 248, 279, 287, 293, 294, 295, 297, 298, 299, 302, 303, 305, 306, 308, 309, 310, 323, 325, 327, 328, 330, 339, 341, 343, 344, 345, 347, 349, 350, 351, 363], "excluded_lines": [], "executed_branches": [], "missing_branches": [[69, -56], [69, 70], [76, 77], [76, 83], [78, 79], [78, 83], [103, 104], [103, 105], [117, 118], [117, 122], [176, 177], [176, 180], [181, 183], [181, 185], [195, 196], [195, 199], [199, 180], [199, 200], [297, 298], [297, 302], [302, 303], [302, 305], [343, 344], [343, 347]], "functions": {"PolygonAPI.__init__": {"executed_lines": [], "summary": {"covered_lines": 0, "num_statements": 6, "percent_covered": 0.0, "percent_covered_display": "0.00", "missing_lines": 6, "excluded_lines": 0, "num_branches": 2, "num_partial_branches": 0, "covered_branches": 0, "missing_branches": 2}, "missing_lines": [64, 65, 66, 67, 69, 70], "excluded_lines": [], "executed_branches": [], "missing_branches": [[69, -56], [69, 70]]}, "PolygonAPI._rate_limit_sleep": {"executed_lines": [], "summary": {"covered_lines": 0, "num_statements": 7, "percent_covered": 0.0, "percent_covered_display": "0.00", "missing_lines": 7, "excluded_lines": 0, "num_branches": 4, "num_partial_branches": 0, "covered_branches": 0, "missing_branches": 4}, "missing_lines": [76, 77, 78, 79, 80, 81, 83], "excluded_lines": [], "executed_branches": [], "missing_branches": [[76, 77], [76, 83], [78, 79], [78, 83]]}, "PolygonAPI._make_request": {"executed_lines": [], "summary": {"covered_lines": 0, "num_statements": 20, "percent_covered": 0.0, "percent_covered_display": "0.00", "missing_lines": 20, "excluded_lines": 0, "num_branches": 4, "num_partial_branches": 0, "covered_branches": 0, "missing_branches": 4}, "missing_lines": [100, 103, 104, 105, 108, 110, 111, 112, 114, 117, 118, 119, 120, 122, 124, 125, 126, 127, 128, 129], "excluded_lines": [], "executed_branches": [], "missing_branches": [[103, 104], [103, 105], [117, 118], [117, 122]]}, "PolygonAPI.get_stock_list": {"executed_lines": [], "summary": {"covered_lines": 0, "num_statements": 21, "percent_covered": 0.0, "percent_covered_display": "0.00", "missing_lines": 21, "excluded_lines": 0, "num_branches": 8, "num_partial_branches": 0, "covered_branches": 0, "missing_branches": 8}, "missing_lines": [163, 165, 166, 168, 176, 177, 180, 181, 183, 185, 188, 189, 191, 194, 195, 196, 199, 200, 201, 203, 204], "excluded_lines": [], "executed_branches": [], "missing_branches": [[176, 177], [176, 180], [181, 183], [181, 185], [195, 196], [195, 199], [199, 180], [199, 200]]}, "PolygonAPI.get_ticker_details": {"executed_lines": [], "summary": {"covered_lines": 0, "num_statements": 7, "percent_covered": 0.0, "percent_covered_display": "0.00", "missing_lines": 7, "excluded_lines": 0, "num_branches": 0, "num_partial_branches": 0, "covered_branches": 0, "missing_branches": 0}, "missing_lines": [241, 243, 244, 245, 246, 247, 248], "excluded_lines": [], "executed_branches": [], "missing_branches": []}, "PolygonAPI.get_daily_ohlcv": {"executed_lines": [], "summary": {"covered_lines": 0, "num_statements": 15, "percent_covered": 0.0, "percent_covered_display": "0.00", "missing_lines": 15, "excluded_lines": 0, "num_branches": 4, "num_partial_branches": 0, "covered_branches": 0, "missing_branches": 4}, "missing_lines": [279, 287, 293, 294, 295, 297, 298, 299, 302, 303, 305, 306, 308, 309, 310], "excluded_lines": [], "executed_branches": [], "missing_branches": [[297, 298], [297, 302], [302, 303], [302, 305]]}, "PolygonAPI.get_daily_ohlcv_last_n_days": {"executed_lines": [], "summary": {"covered_lines": 0, "num_statements": 5, "percent_covered": 0.0, "percent_covered_display": "0.00", "missing_lines": 5, "excluded_lines": 0, "num_branches": 0, "num_partial_branches": 0, "covered_branches": 0, "missing_branches": 0}, "missing_lines": [323, 325, 327, 328, 330], "excluded_lines": [], "executed_branches": [], "missing_branches": []}, "PolygonAPI.check_connection": {"executed_lines": [], "summary": {"covered_lines": 0, "num_statements": 9, "percent_covered": 0.0, "percent_covered_display": "0.00", "missing_lines": 9, "excluded_lines": 0, "num_branches": 2, "num_partial_branches": 0, "covered_branches": 0, "missing_branches": 2}, "missing_lines": [339, 341, 343, 344, 345, 347, 349, 350, 351], "excluded_lines": [], "executed_branches": [], "missing_branches": [[343, 344], [343, 347]]}, "PolygonAPI.get_exchange_name": {"executed_lines": [], "summary": {"covered_lines": 0, "num_statements": 1, "percent_covered": 0.0, "percent_covered_display": "0.00", "missing_lines": 1, "excluded_lines": 0, "num_branches": 0, "num_partial_branches": 0, "covered_branches": 0, "missing_branches": 0}, "missing_lines": [363], "excluded_lines": [], "executed_branches": [], "missing_branches": []}, "": {"executed_lines": [1, 17, 18, 19, 20, 21, 23, 26, 27, 36, 39, 48, 56, 72, 85, 131, 206, 250, 312, 332, 353], "summary": {"covered_lines": 19, "num_statements": 19, "percent_covered": 100.0, "percent_covered_display": "100.00", "missing_lines": 0, "excluded_lines": 0, "num_branches": 0, "num_partial_branches": 0, "covered_branches": 0, "missing_branches": 0}, "missing_lines": [], "excluded_lines": [], "executed_branches": [], "missing_branches": []}}, "classes": {"PolygonAPI": {"executed_lines": [], "summary": {"covered_lines": 0, "num_statements": 91, "percent_covered": 0.0, "percent_covered_display": "0.00", "missing_lines": 91, "excluded_lines": 0, "num_branches": 24, "num_partial_branches": 0, "covered_branches": 0, "missing_branches": 24}, "missing_lines": [64, 65, 66, 67, 69, 70, 76, 77, 78, 79, 80, 81, 83, 100, 103, 104, 105, 108, 110, 111, 112, 114, 117, 118, 119, 120, 122, 124, 125, 126, 127, 128, 129, 163, 165, 166, 168, 176, 177, 180, 181, 183, 185, 188, 189, 191, 194, 195, 196, 199, 200, 201, 203, 204, 241, 243, 244, 245, 246, 247, 248, 279, 287, 293, 294, 295, 297, 298, 299, 302, 303, 305, 306, 308, 309, 310, 323, 325, 327, 328, 330, 339, 341, 343, 344, 345, 347, 349, 350, 351, 363], "excluded_lines": [], "executed_branches": [], "missing_branches": [[69, -56], [69, 70], [76, 77], [76, 83], [78, 79], [78, 83], [103, 104], [103, 105], [117, 118], [117, 122], [176, 177], [176, 180], [181, 183], [181, 185], [195, 196], [195, 199], [199, 180], [199, 200], [297, 298], [297, 302], [302, 303], [302, 305], [343, 344], [343, 347]]}, "": {"executed_lines": [1, 17, 18, 19, 20, 21, 23, 26, 27, 36, 39, 48, 56, 72, 85, 131, 206, 250, 312, 332, 353], "summary": {"covered_lines": 19, "num_statements": 19, "percent_covered": 100.0, "percent_covered_display": "100.00", "missing_lines": 0, "excluded_lines": 0, "num_branches": 0, "num_partial_branches": 0, "covered_branches": 0, "missing_branches": 0}, "missing_lines": [], "excluded_lines": [], "executed_branches": [], "missing_branches": []}}}, "modules/api_clients/pykrx_api.py": {"executed_lines": [1, 12, 13, 14, 15, 17, 20, 21, 30, 35, 44, 101, 144, 168, 250, 322], "summary": {"covered_lines": 14, "num_statements": 130, "percent_covered": 8.433734939759036, "percent_covered_display": "8.43", "missing_lines": 116, "excluded_lines": 0, "num_branches": 36, "num_partial_branches": 0, "covered_branches": 0, "missing_branches": 36}, "missing_lines": [31, 32, 33, 37, 38, 39, 40, 41, 42, 53, 54, 56, 58, 61, 62, 63, 66, 67, 68, 71, 72, 74, 75, 76, 77, 78, 80, 91, 92, 94, 95, 97, 98, 99, 112, 113, 115, 116, 118, 119, 121, 122, 124, 125, 126, 128, 129, 130, 133, 134, 136, 137, 138, 140, 141, 142, 151, 152, 154, 155, 156, 159, 160, 162, 164, 165, 166, 190, 191, 192, 194, 195, 196, 199, 203, 204, 207, 208, 210, 211, 212, 213, 214, 215, 217, 218, 219, 221, 222, 225, 226, 229, 231, 239, 240, 242, 244, 246, 247, 248, 261, 306, 307, 310, 311, 314, 315, 316, 319, 320, 328, 329, 330, 331, 332, 334], "excluded_lines": [], "executed_branches": [], "missing_branches": [[53, 54], [53, 56], [74, 75], [74, 97], [91, 74], [91, 92], [112, 113], [112, 115], [128, 129], [128, 133], [151, 152], [151, 154], [190, 191], [190, 194], [207, 208], [207, 221], [212, 207], [212, 213], [217, 218], [217, 219], [221, 222], [221, 225], [239, 240], [239, 242], [306, 307], [306, 310], [310, 311], [310, 314], [314, 315], [314, 319], [315, 314], [315, 316], [328, 329], [328, 334], [330, 331], [330, 334]], "functions": {"PyKRXAPI.__init__": {"executed_lines": [], "summary": {"covered_lines": 0, "num_statements": 3, "percent_covered": 0.0, "percent_covered_display": "0.00", "missing_lines": 3, "excluded_lines": 0, "num_branches": 0, "num_partial_branches": 0, "covered_branches": 0, "missing_branches": 0}, "missing_lines": [31, 32, 33], "excluded_lines": [], "executed_branches": [], "missing_branches": []}, "PyKRXAPI._check_import": {"executed_lines": [], "summary": {"covered_lines": 0, "num_statements": 6, "percent_covered": 0.0, "percent_covered_display": "0.00", "missing_lines": 6, "excluded_lines": 0, "num_branches": 0, "num_partial_branches": 0, "covered_branches": 0, "missing_branches": 0}, "missing_lines": [37, 38, 39, 40, 41, 42], "excluded_lines": [], "executed_branches": [], "missing_branches": []}, "PyKRXAPI.get_stock_list": {"executed_lines": [], "summary": {"covered_lines": 0, "num_statements": 25, "percent_covered": 0.0, "percent_covered_display": "0.00", "missing_lines": 25, "excluded_lines": 0, "num_branches": 6, "num_partial_branches": 0, "covered_branches": 0, "missing_branches": 6}, "missing_lines": [53, 54, 56, 58, 61, 62, 63, 66, 67, 68, 71, 72, 74, 75, 76, 77, 78, 80, 91, 92, 94, 95, 97, 98, 99], "excluded_lines": [], "executed_branches": [], "missing_branches": [[53, 54], [53, 56], [74, 75], [74, 97], [91, 74], [91, 92]]}, "PyKRXAPI.get_ohlcv": {"executed_lines": [], "summary": {"covered_lines": 0, "num_statements": 22, "percent_covered": 0.0, "percent_covered_display": "0.00", "missing_lines": 22, "excluded_lines": 0, "num_branches": 4, "num_partial_branches": 0, "covered_branches": 0, "missing_branches": 4}, "missing_lines": [112, 113, 115, 116, 118, 119, 121, 122, 124, 125, 126, 128, 129, 130, 133, 134, 136, 137, 138, 140, 141, 142], "excluded_lines": [], "executed_branches": [], "missing_branches": [[112, 113], [112, 115], [128, 129], [128, 133]]}, "PyKRXAPI.check_connection": {"executed_lines": [], "summary": {"covered_lines": 0, "num_statements": 11, "percent_covered": 0.0, "percent_covered_display": "0.00", "missing_lines": 11, "excluded_lines": 0, "num_branches": 2, "num_partial_branches": 0, "covered_branches": 0, "missing_branches": 2}, "missing_lines": [151, 152, 154, 155, 156, 159, 160, 162, 164, 165, 166], "excluded_lines": [], "executed_branches": [], "missing_branches": [[151, 152], [151, 154]]}, "PyKRXAPI.get_stock_sector_info": {"executed_lines": [], "summary": {"covered_lines": 0, "num_statements": 33, "percent_covered": 0.0, "percent_covered_display": "0.00", "missing_lines": 33, "excluded_lines": 0, "num_branches": 12, "num_partial_branches": 0, "covered_branches": 0, "missing_branches": 12}, "missing_lines": [190, 191, 192, 194, 195, 196, 199, 203, 204, 207, 208, 210, 211, 212, 213, 214, 215, 217, 218, 219, 221, 222, 225, 226, 229, 231, 239, 240, 242, 244, 246, 247, 248], "excluded_lines": [], "executed_branches": [], "missing_branches": [[190, 191], [190, 194], [207, 208], [207, 221], [212, 207], [212, 213], [217, 218], [217, 219], [221, 222], [221, 225], [239, 240], [239, 242]]}, "PyKRXAPI._map_krx_to_gics": {"executed_lines": [], "summary": {"covered_lines": 0, "num_statements": 10, "percent_covered": 0.0, "percent_covered_display": "0.00", "missing_lines": 10, "excluded_lines": 0, "num_branches": 8, "num_partial_branches": 0, "covered_branches": 0, "missing_branches": 8}, "missing_lines": [261, 306, 307, 310, 311, 314, 315, 316, 319, 320], "excluded_lines": [], "executed_branches": [], "missing_branches": [[306, 307], [306, 310], [310, 311], [310, 314], [314, 315], [314, 319], [315, 314], [315, 316]]}, "PyKRXAPI._rate_limit": {"executed_lines": [], "summary": {"covered_lines": 0, "num_statements": 6, "percent_covered": 0.0, "percent_covered_display": "0.00", "missing_lines": 6, "excluded_lines": 0, "num_branches": 4, "num_partial_branches": 0, "covered_branches": 0, "missing_branches": 4}, "missing_lines": [328, 329, 330, 331, 332, 334], "excluded_lines": [], "executed_branches": [], "missing_branches": [[328, 329], [328, 334], [330, 331], [330, 334]]}, "": {"executed_lines": [1, 12, 13, 14, 15, 17, 20, 21, 30, 35, 44, 101, 144, 168, 250, 322], "summary": {"covered_lines": 14, "num_statements": 14, "percent_covered": 100.0, "percent_covered_display": "100.00", "missing_lines": 0, "excluded_lines": 0, "num_branches": 0, "num_partial_branches": 0, "covered_branches": 0, "missing_branches": 0}, "missing_lines": [], "excluded_lines": [], "executed_branches": [], "missing_branches": []}}, "classes": {"PyKRXAPI": {"executed_lines": [], "summary": {"covered_lines": 0, "num_statements": 116, "percent_covered": 0.0, "percent_covered_display": "0.00", "missing_lines": 116, "excluded_lines": 0, "num_branches": 36, "num_partial_branches": 0, "covered_branches": 0, "missing_branches": 36}, "missing_lines": [31, 32, 33, 37, 38, 39, 40, 41, 42, 53, 54, 56, 58, 61, 62, 63, 66, 67, 68, 71, 72, 74, 75, 76, 77, 78, 80, 91, 92, 94, 95, 97, 98, 99, 112, 113, 115, 116, 118, 119, 121, 122, 124, 125, 126, 128, 129, 130, 133, 134, 136, 137, 138, 140, 141, 142, 151, 152, 154, 155, 156, 159, 160, 162, 164, 165, 166, 190, 191, 192, 194, 195, 196, 199, 203, 204, 207, 208, 210, 211, 212, 213, 214, 215, 217, 218, 219, 221, 222, 225, 226, 229, 231, 239, 240, 242, 244, 246, 247, 248, 261, 306, 307, 310, 311, 314, 315, 316, 319, 320, 328, 329, 330, 331, 332, 334], "excluded_lines": [], "executed_branches": [], "missing_branches": [[53, 54], [53, 56], [74, 75], [74, 97], [91, 74], [91, 92], [112, 113], [112, 115], [128, 129], [128, 133], [151, 152], [151, 154], [190, 191], [190, 194], [207, 208], [207, 221], [212, 207], [212, 213], [217, 218], [217, 219], [221, 222], [221, 225], [239, 240], [239, 242], [306, 307], [306, 310], [310, 311], [310, 314], [314, 315], [314, 319], [315, 314], [315, 316], [328, 329], [328, 334], [330, 331], [330, 334]]}, "": {"executed_lines": [1, 12, 13, 14, 15, 17, 20, 21, 30, 35, 44, 101, 144, 168, 250, 322], "summary": {"covered_lines": 14, "num_statements": 14, "percent_covered": 100.0, "percent_covered_display": "100.00", "missing_lines": 0, "excluded_lines": 0, "num_branches": 0, "num_partial_branches": 0, "covered_branches": 0, "missing_branches": 0}, "missing_lines": [], "excluded_lines": [], "executed_branches": [], "missing_branches": []}}}, "modules/api_clients/yfinance_api.py": {"executed_lines": [1, 17, 18, 19, 20, 21, 22, 24, 27, 28, 37, 44, 45, 46, 48, 50, 63, 91, 140, 194, 218, 240, 257, 270], "summary": {"covered_lines": 22, "num_statements": 87, "percent_covered": 19.81981981981982, "percent_covered_display": "19.82", "missing_lines": 65, "excluded_lines": 0, "num_branches": 24, "num_partial_branches": 0, "covered_branches": 0, "missing_branches": 24}, "missing_lines": [52, 53, 55, 56, 58, 59, 61, 75, 76, 77, 78, 79, 80, 81, 82, 84, 85, 86, 88, 89, 112, 113, 114, 116, 117, 119, 133, 135, 136, 138, 158, 159, 161, 162, 164, 166, 167, 170, 173, 183, 185, 187, 189, 190, 192, 204, 206, 207, 208, 210, 211, 213, 215, 216, 237, 238, 253, 254, 255, 267, 268, 272, 273, 274, 275], "excluded_lines": [], "executed_branches": [], "missing_branches": [[52, 53], [52, 55], [58, 59], [58, 61], [75, -63], [75, 76], [84, 85], [84, 88], [116, 117], [116, 119], [135, 136], [135, 138], [161, 162], [161, 164], [166, 167], [166, 170], [189, 190], [189, 192], [206, 207], [206, 215], [210, 211], [210, 213], [272, -270], [272, 273]], "functions": {"YFinanceAPI.__init__": {"executed_lines": [44, 45, 46, 48], "summary": {"covered_lines": 4, "num_statements": 4, "percent_covered": 100.0, "percent_covered_display": "100.00", "missing_lines": 0, "excluded_lines": 0, "num_branches": 0, "num_partial_branches": 0, "covered_branches": 0, "missing_branches": 0}, "missing_lines": [], "excluded_lines": [], "executed_branches": [], "missing_branches": []}, "YFinanceAPI._rate_limit_sleep": {"executed_lines": [], "summary": {"covered_lines": 0, "num_statements": 7, "percent_covered": 0.0, "percent_covered_display": "0.00", "missing_lines": 7, "excluded_lines": 0, "num_branches": 4, "num_partial_branches": 0, "covered_branches": 0, "missing_branches": 4}, "missing_lines": [52, 53, 55, 56, 58, 59, 61], "excluded_lines": [], "executed_branches": [], "missing_branches": [[52, 53], [52, 55], [58, 59], [58, 61]]}, "YFinanceAPI._retry_on_failure": {"executed_lines": [], "summary": {"covered_lines": 0, "num_statements": 13, "percent_covered": 0.0, "percent_covered_display": "0.00", "missing_lines": 13, "excluded_lines": 0, "num_branches": 4, "num_partial_branches": 0, "covered_branches": 0, "missing_branches": 4}, "missing_lines": [75, 76, 77, 78, 79, 80, 81, 82, 84, 85, 86, 88, 89], "excluded_lines": [], "executed_branches": [], "missing_branches": [[75, -63], [75, 76], [84, 85], [84, 88]]}, "YFinanceAPI.get_ticker_info": {"executed_lines": [], "summary": {"covered_lines": 0, "num_statements": 5, "percent_covered": 0.0, "percent_covered_display": "0.00", "missing_lines": 5, "excluded_lines": 0, "num_branches": 2, "num_partial_branches": 0, "covered_branches": 0, "missing_branches": 2}, "missing_lines": [112, 133, 135, 136, 138], "excluded_lines": [], "executed_branches": [], "missing_branches": [[135, 136], [135, 138]]}, "YFinanceAPI.get_ticker_info._fetch": {"executed_lines": [], "summary": {"covered_lines": 0, "num_statements": 5, "percent_covered": 0.0, "percent_covered_display": "0.00", "missing_lines": 5, "excluded_lines": 0, "num_branches": 2, "num_partial_branches": 0, "covered_branches": 0, "missing_branches": 2}, "missing_lines": [113, 114, 116, 117, 119], "excluded_lines": [], "executed_branches": [], "missing_branches": [[116, 117], [116, 119]]}, "YFinanceAPI.get_ohlcv": {"executed_lines": [], "summary": {"covered_lines": 0, "num_statements": 5, "percent_covered": 0.0, "percent_covered_display": "0.00", "missing_lines": 5, "excluded_lines": 0, "num_branches": 2, "num_partial_branches": 0, "covered_branches": 0, "missing_branches": 2}, "missing_lines": [158, 187, 189, 190, 192], "excluded_lines": [], "executed_branches": [], "missing_branches": [[189, 190], [189, 192]]}, "YFinanceAPI.get_ohlcv._fetch": {"executed_lines": [], "summary": {"covered_lines": 0, "num_statements": 10, "percent_covered": 0.0, "percent_covered_display": "0.00", "missing_lines": 10, "excluded_lines": 0, "num_branches": 4, "num_partial_branches": 0, "covered_branches": 0, "missing_branches": 4}, "missing_lines": [159, 161, 162, 164, 166, 167, 170, 173, 183, 185], "excluded_lines": [], "executed_branches": [], "missing_branches": [[161, 162], [161, 164], [166, 167], [166, 170]]}, "YFinanceAPI.get_tickers_batch": {"executed_lines": [], "summary": {"covered_lines": 0, "num_statements": 9, "percent_covered": 0.0, "percent_covered_display": "0.00", "missing_lines": 9, "excluded_lines": 0, "num_branches": 4, "num_partial_branches": 0, "covered_branches": 0, "missing_branches": 4}, "missing_lines": [204, 206, 207, 208, 210, 211, 213, 215, 216], "excluded_lines": [], "executed_branches": [], "missing_branches": [[206, 207], [206, 215], [210, 211], [210, 213]]}, "YFinanceAPI.search_tickers": {"executed_lines": [], "summary": {"covered_lines": 0, "num_statements": 2, "percent_covered": 0.0, "percent_covered_display": "0.00", "missing_lines": 2, "excluded_lines": 0, "num_branches": 0, "num_partial_branches": 0, "covered_branches": 0, "missing_branches": 0}, "missing_lines": [237, 238], "excluded_lines": [], "executed_branches": [], "missing_branches": []}, "YFinanceAPI.get_exchange_tickers": {"executed_lines": [], "summary": {"covered_lines": 0, "num_statements": 3, "percent_covered": 0.0, "percent_covered_display": "0.00", "missing_lines": 3, "excluded_lines": 0, "num_branches": 0, "num_partial_branches": 0, "covered_branches": 0, "missing_branches": 0}, "missing_lines": [253, 254, 255], "excluded_lines": [], "executed_branches": [], "missing_branches": []}, "YFinanceAPI.validate_ticker": {"executed_lines": [], "summary": {"covered_lines": 0, "num_statements": 2, "percent_covered": 0.0, "percent_covered_display": "0.00", "missing_lines": 2, "excluded_lines": 0, "num_branches": 0, "num_partial_branches": 0, "covered_branches": 0, "missing_branches": 0}, "missing_lines": [267, 268], "excluded_lines": [], "executed_branches": [], "missing_branches": []}, "YFinanceAPI.close": {"executed_lines": [], "summary": {"covered_lines": 0, "num_statements": 4, "percent_covered": 0.0, "percent_covered_display": "0.00", "missing_lines": 4, "excluded_lines": 0, "num_branches": 2, "num_partial_branches": 0, "covered_branches": 0, "missing_branches": 2}, "missing_lines": [272, 273, 274, 275], "excluded_lines": [], "executed_branches": [], "missing_branches": [[272, -270], [272, 273]]}, "": {"executed_lines": [1, 17, 18, 19, 20, 21, 22, 24, 27, 28, 37, 50, 63, 91, 140, 194, 218, 240, 257, 270], "summary": {"covered_lines": 18, "num_statements": 18, "percent_covered": 100.0, "percent_covered_display": "100.00", "missing_lines": 0, "excluded_lines": 0, "num_branches": 0, "num_partial_branches": 0, "covered_branches": 0, "missing_branches": 0}, "missing_lines": [], "excluded_lines": [], "executed_branches": [], "missing_branches": []}}, "classes": {"YFinanceAPI": {"executed_lines": [44, 45, 46, 48], "summary": {"covered_lines": 4, "num_statements": 69, "percent_covered": 4.301075268817204, "percent_covered_display": "4.30", "missing_lines": 65, "excluded_lines": 0, "num_branches": 24, "num_partial_branches": 0, "covered_branches": 0, "missing_branches": 24}, "missing_lines": [52, 53, 55, 56, 58, 59, 61, 75, 76, 77, 78, 79, 80, 81, 82, 84, 85, 86, 88, 89, 112, 113, 114, 116, 117, 119, 133, 135, 136, 138, 158, 159, 161, 162, 164, 166, 167, 170, 173, 183, 185, 187, 189, 190, 192, 204, 206, 207, 208, 210, 211, 213, 215, 216, 237, 238, 253, 254, 255, 267, 268, 272, 273, 274, 275], "excluded_lines": [], "executed_branches": [], "missing_branches": [[52, 53], [52, 55], [58, 59], [58, 61], [75, -63], [75, 76], [84, 85], [84, 88], [116, 117], [116, 119], [135, 136], [135, 138], [161, 162], [161, 164], [166, 167], [166, 170], [189, 190], [189, 192], [206, 207], [206, 215], [210, 211], [210, 213], [272, -270], [272, 273]]}, "": {"executed_lines": [1, 17, 18, 19, 20, 21, 22, 24, 27, 28, 37, 50, 63, 91, 140, 194, 218, 240, 257, 270], "summary": {"covered_lines": 18, "num_statements": 18, "percent_covered": 100.0, "percent_covered_display": "100.00", "missing_lines": 0, "excluded_lines": 0, "num_branches": 0, "num_partial_branches": 0, "covered_branches": 0, "missing_branches": 0}, "missing_lines": [], "excluded_lines": [], "executed_branches": [], "missing_branches": []}}}, "modules/market_adapters/__init__.py": {"executed_lines": [1, 22, 23, 24, 25, 26, 28], "summary": {"covered_lines": 6, "num_statements": 6, "percent_covered": 100.0, "percent_covered_display": "100.00", "missing_lines": 0, "excluded_lines": 0, "num_branches": 0, "num_partial_branches": 0, "covered_branches": 0, "missing_branches": 0}, "missing_lines": [], "excluded_lines": [], "executed_branches": [], "missing_branches": [], "functions": {"": {"executed_lines": [1, 22, 23, 24, 25, 26, 28], "summary": {"covered_lines": 6, "num_statements": 6, "percent_covered": 100.0, "percent_covered_display": "100.00", "missing_lines": 0, "excluded_lines": 0, "num_branches": 0, "num_partial_branches": 0, "covered_branches": 0, "missing_branches": 0}, "missing_lines": [], "excluded_lines": [], "executed_branches": [], "missing_branches": []}}, "classes": {"": {"executed_lines": [1, 22, 23, 24, 25, 26, 28], "summary": {"covered_lines": 6, "num_statements": 6, "percent_covered": 100.0, "percent_covered_display": "100.00", "missing_lines": 0, "excluded_lines": 0, "num_branches": 0, "num_partial_branches": 0, "covered_branches": 0, "missing_branches": 0}, "missing_lines": [], "excluded_lines": [], "executed_branches": [], "missing_branches": []}}}, "modules/market_adapters/base_adapter.py": {"executed_lines": [1, 14, 15, 16, 18, 21, 22, 37, 45, 46, 52, 53, 86, 87, 105, 106, 127, 128, 149, 168, 183, 185, 190, 194, 195, 197, 202, 208, 209, 215, 225, 227, 228, 231, 233, 234, 236, 252, 253, 276, 277, 290, 292, 304, 307, 308, 309, 310, 311, 314, 317, 318, 319, 320, 321, 324, 325, 327, 328, 329, 330, 331, 334, 336], "summary": {"covered_lines": 62, "num_statements": 78, "percent_covered": 73.95833333333333, "percent_covered_display": "73.96", "missing_lines": 16, "excluded_lines": 0, "num_branches": 18, "num_partial_branches": 7, "covered_branches": 9, "missing_branches": 9}, "missing_lines": [84, 99, 125, 143, 161, 162, 191, 198, 199, 211, 212, 213, 265, 266, 287, 288], "excluded_lines": [], "executed_branches": [[190, 194], [197, 202], [233, 234], [233, 290], [252, 253], [276, 277], [318, 319], [325, 327], [328, 329]], "missing_branches": [[190, 191], [197, 198], [252, 265], [265, 266], [265, 276], [276, 233], [318, 324], [325, 334], [328, 334]], "functions": {"BaseMarketAdapter.__init__": {"executed_lines": [45, 46], "summary": {"covered_lines": 2, "num_statements": 2, "percent_covered": 100.0, "percent_covered_display": "100.00", "missing_lines": 0, "excluded_lines": 0, "num_branches": 0, "num_partial_branches": 0, "covered_branches": 0, "missing_branches": 0}, "missing_lines": [], "excluded_lines": [], "executed_branches": [], "missing_branches": []}, "BaseMarketAdapter.scan_stocks": {"executed_lines": [], "summary": {"covered_lines": 0, "num_statements": 1, "percent_covered": 0.0, "percent_covered_display": "0.00", "missing_lines": 1, "excluded_lines": 0, "num_branches": 0, "num_partial_branches": 0, "covered_branches": 0, "missing_branches": 0}, "missing_lines": [84], "excluded_lines": [], "executed_branches": [], "missing_branches": []}, "BaseMarketAdapter.scan_etfs": {"executed_lines": [], "summary": {"covered_lines": 0, "num_statements": 1, "percent_covered": 0.0, "percent_covered_display": "0.00", "missing_lines": 1, "excluded_lines": 0, "num_branches": 0, "num_partial_branches": 0, "covered_branches": 0, "missing_branches": 0}, "missing_lines": [99], "excluded_lines": [], "executed_branches": [], "missing_branches": []}, "BaseMarketAdapter.collect_stock_ohlcv": {"executed_lines": [], "summary": {"covered_lines": 0, "num_statements": 1, "percent_covered": 0.0, "percent_covered_display": "0.00", "missing_lines": 1, "excluded_lines": 0, "num_branches": 0, "num_partial_branches": 0, "covered_branches": 0, "missing_branches": 0}, "missing_lines": [125], "excluded_lines": [], "executed_branches": [], "missing_branches": []}, "BaseMarketAdapter.collect_etf_ohlcv": {"executed_lines": [], "summary": {"covered_lines": 0, "num_statements": 1, "percent_covered": 0.0, "percent_covered_display": "0.00", "missing_lines": 1, "excluded_lines": 0, "num_branches": 0, "num_partial_branches": 0, "covered_branches": 0, "missing_branches": 0}, "missing_lines": [143], "excluded_lines": [], "executed_branches": [], "missing_branches": []}, "BaseMarketAdapter.collect_fundamentals": {"executed_lines": [], "summary": {"covered_lines": 0, "num_statements": 2, "percent_covered": 0.0, "percent_covered_display": "0.00", "missing_lines": 2, "excluded_lines": 0, "num_branches": 0, "num_partial_branches": 0, "covered_branches": 0, "missing_branches": 0}, "missing_lines": [161, 162], "excluded_lines": [], "executed_branches": [], "missing_branches": []}, "BaseMarketAdapter._load_tickers_from_cache": {"executed_lines": [183, 185, 190, 194, 195, 197, 202, 208, 209], "summary": {"covered_lines": 9, "num_statements": 15, "percent_covered": 57.89473684210526, "percent_covered_display": "57.89", "missing_lines": 6, "excluded_lines": 0, "num_branches": 4, "num_partial_branches": 2, "covered_branches": 2, "missing_branches": 2}, "missing_lines": [191, 198, 199, 211, 212, 213], "excluded_lines": [], "executed_branches": [[190, 194], [197, 202]], "missing_branches": [[190, 191], [197, 198]]}, "BaseMarketAdapter._save_tickers_to_db": {"executed_lines": [225, 227, 228, 231, 233, 234, 236, 252, 253, 276, 277, 290], "summary": {"covered_lines": 12, "num_statements": 16, "percent_covered": 66.66666666666667, "percent_covered_display": "66.67", "missing_lines": 4, "excluded_lines": 0, "num_branches": 8, "num_partial_branches": 2, "covered_branches": 4, "missing_branches": 4}, "missing_lines": [265, 266, 287, 288], "excluded_lines": [], "executed_branches": [[233, 234], [233, 290], [252, 253], [276, 277]], "missing_branches": [[252, 265], [265, 266], [265, 276], [276, 233]]}, "BaseMarketAdapter._calculate_technical_indicators": {"executed_lines": [304, 307, 308, 309, 310, 311, 314, 317, 318, 319, 320, 321, 324, 325, 327, 328, 329, 330, 331, 334, 336], "summary": {"covered_lines": 21, "num_statements": 21, "percent_covered": 88.88888888888889, "percent_covered_display": "88.89", "missing_lines": 0, "excluded_lines": 0, "num_branches": 6, "num_partial_branches": 3, "covered_branches": 3, "missing_branches": 3}, "missing_lines": [], "excluded_lines": [], "executed_branches": [[318, 319], [325, 327], [328, 329]], "missing_branches": [[318, 324], [325, 334], [328, 334]]}, "": {"executed_lines": [1, 14, 15, 16, 18, 21, 22, 37, 52, 53, 86, 87, 105, 106, 127, 128, 149, 168, 215, 292], "summary": {"covered_lines": 18, "num_statements": 18, "percent_covered": 100.0, "percent_covered_display": "100.00", "missing_lines": 0, "excluded_lines": 0, "num_branches": 0, "num_partial_branches": 0, "covered_branches": 0, "missing_branches": 0}, "missing_lines": [], "excluded_lines": [], "executed_branches": [], "missing_branches": []}}, "classes": {"BaseMarketAdapter": {"executed_lines": [45, 46, 183, 185, 190, 194, 195, 197, 202, 208, 209, 225, 227, 228, 231, 233, 234, 236, 252, 253, 276, 277, 290, 304, 307, 308, 309, 310, 311, 314, 317, 318, 319, 320, 321, 324, 325, 327, 328, 329, 330, 331, 334, 336], "summary": {"covered_lines": 44, "num_statements": 60, "percent_covered": 67.94871794871794, "percent_covered_display": "67.95", "missing_lines": 16, "excluded_lines": 0, "num_branches": 18, "num_partial_branches": 7, "covered_branches": 9, "missing_branches": 9}, "missing_lines": [84, 99, 125, 143, 161, 162, 191, 198, 199, 211, 212, 213, 265, 266, 287, 288], "excluded_lines": [], "executed_branches": [[190, 194], [197, 202], [233, 234], [233, 290], [252, 253], [276, 277], [318, 319], [325, 327], [328, 329]], "missing_branches": [[190, 191], [197, 198], [252, 265], [265, 266], [265, 276], [276, 233], [318, 324], [325, 334], [328, 334]]}, "": {"executed_lines": [1, 14, 15, 16, 18, 21, 22, 37, 52, 53, 86, 87, 105, 106, 127, 128, 149, 168, 215, 292], "summary": {"covered_lines": 18, "num_statements": 18, "percent_covered": 100.0, "percent_covered_display": "100.00", "missing_lines": 0, "excluded_lines": 0, "num_branches": 0, "num_partial_branches": 0, "covered_branches": 0, "missing_branches": 0}, "missing_lines": [], "excluded_lines": [], "executed_branches": [], "missing_branches": []}}}, "modules/market_adapters/calendars/__init__.py": {"executed_lines": [1, 9, 11], "summary": {"covered_lines": 2, "num_statements": 2, "percent_covered": 100.0, "percent_covered_display": "100.00", "missing_lines": 0, "excluded_lines": 0, "num_branches": 0, "num_partial_branches": 0, "covered_branches": 0, "missing_branches": 0}, "missing_lines": [], "excluded_lines": [], "executed_branches": [], "missing_branches": [], "functions": {"": {"executed_lines": [1, 9, 11], "summary": {"covered_lines": 2, "num_statements": 2, "percent_covered": 100.0, "percent_covered_display": "100.00", "missing_lines": 0, "excluded_lines": 0, "num_branches": 0, "num_partial_branches": 0, "covered_branches": 0, "missing_branches": 0}, "missing_lines": [], "excluded_lines": [], "executed_branches": [], "missing_branches": []}}, "classes": {"": {"executed_lines": [1, 9, 11], "summary": {"covered_lines": 2, "num_statements": 2, "percent_covered": 100.0, "percent_covered_display": "100.00", "missing_lines": 0, "excluded_lines": 0, "num_branches": 0, "num_partial_branches": 0, "covered_branches": 0, "missing_branches": 0}, "missing_lines": [], "excluded_lines": [], "executed_branches": [], "missing_branches": []}}}, "modules/market_adapters/calendars/market_calendar.py": {"executed_lines": [1, 9, 10, 11, 12, 13, 15, 18, 19, 30, 73, 82, 102, 135, 159, 193, 202, 230, 258, 279, 300, 327, 351, 394], "summary": {"covered_lines": 21, "num_statements": 138, "percent_covered": 10.5, "percent_covered_display": "10.50", "missing_lines": 117, "excluded_lines": 2, "num_branches": 62, "num_partial_branches": 0, "covered_branches": 0, "missing_branches": 62}, "missing_lines": [90, 91, 93, 94, 96, 99, 100, 112, 113, 114, 117, 119, 120, 121, 122, 123, 124, 126, 128, 129, 131, 132, 133, 145, 146, 149, 150, 153, 154, 155, 157, 169, 170, 173, 174, 177, 178, 179, 182, 183, 186, 187, 188, 189, 191, 200, 212, 213, 215, 218, 219, 221, 222, 223, 225, 226, 228, 240, 241, 243, 246, 247, 249, 250, 251, 253, 254, 256, 269, 270, 272, 273, 274, 275, 277, 286, 288, 289, 291, 292, 293, 294, 296, 298, 310, 311, 313, 314, 317, 320, 323, 325, 337, 338, 340, 341, 344, 347, 349, 361, 362, 364, 365, 367, 377, 378, 379, 380, 381, 382, 383, 384, 386, 388, 389, 390, 392], "excluded_lines": [394, 395], "executed_branches": [], "missing_branches": [[93, 94], [93, 96], [99, -82], [99, 100], [117, 119], [117, 124], [120, 121], [120, 123], [121, 120], [121, 122], [124, 126], [124, 128], [145, 146], [145, 149], [149, 150], [149, 153], [154, 155], [154, 157], [169, 170], [169, 173], [173, 174], [173, 177], [182, 183], [182, 186], [186, 187], [186, 191], [188, 189], [188, 191], [212, 213], [212, 215], [221, 222], [221, 225], [225, 226], [225, 228], [240, 241], [240, 243], [249, 250], [249, 253]
[...]
, 320, 321, 322, 345, 346, 348, 349, 350, 351, 354, 356, 359, 361, 364, 365, 368, 370, 373, 376, 379, 380, 383, 386, 389, 390, 393, 394, 397, 398, 401, 402, 404, 416, 417, 419, 420, 421, 422, 423, 424, 425, 426, 427, 428, 430, 432, 433, 449, 450, 453, 456, 457, 459, 471, 476, 477, 490, 492, 493, 494, 495, 496, 498, 500], "excluded_lines": [], "executed_branches": [], "missing_branches": [[101, 102], [101, 111], [104, 101], [104, 105], [125, 126], [125, 129], [130, 131], [130, 134], [204, 205], [204, 207], [209, 210], [209, 213], [273, 274], [273, 277], [297, 298], [297, 301], [304, 305], [304, 306], [306, 307], [306, 309], [345, 346], [345, 348], [354, 356], [354, 359], [359, 361], [359, 364], [364, 365], [364, 368], [368, 370], [368, 373], [373, 376], [373, 379], [379, 380], [379, 383], [383, 386], [383, 389], [389, 390], [389, 393], [393, 394], [393, 397], [397, 398], [397, 401], [401, 402], [401, 404], [416, 417], [416, 419], [421, 422], [421, 423], [423, 424], [423, 425], [425, 426], [425, 427], [427, 428], [427, 430], [449, 450], [449, 453], [456, 457], [456, 459], [492, 493], [492, 500], [494, 495], [494, 498]], "functions": {"USStockParser.parse_ticker_list": {"executed_lines": [], "summary": {"covered_lines": 0, "num_statements": 12, "percent_covered": 0.0, "percent_covered_display": "0.00", "missing_lines": 12, "excluded_lines": 0, "num_branches": 4, "num_partial_branches": 0, "covered_branches": 0, "missing_branches": 4}, "missing_lines": [99, 101, 102, 103, 104, 105, 106, 107, 108, 109, 111, 112], "excluded_lines": [], "executed_branches": [], "missing_branches": [[101, 102], [101, 111], [104, 101], [104, 105]]}, "USStockParser._parse_single_ticker": {"executed_lines": [], "summary": {"covered_lines": 0, "num_statements": 11, "percent_covered": 0.0, "percent_covered_display": "0.00", "missing_lines": 11, "excluded_lines": 0, "num_branches": 4, "num_partial_branches": 0, "covered_branches": 0, "missing_branches": 4}, "missing_lines": [124, 125, 126, 129, 130, 131, 134, 135, 138, 139, 141], "excluded_lines": [], "executed_branches": [], "missing_branches": [[125, 126], [125, 129], [130, 131], [130, 134]]}, "USStockParser.parse_ticker_details": {"executed_lines": [], "summary": {"covered_lines": 0, "num_statements": 14, "percent_covered": 0.0, "percent_covered_display": "0.00", "missing_lines": 14, "excluded_lines": 0, "num_branches": 4, "num_partial_branches": 0, "covered_branches": 0, "missing_branches": 4}, "missing_lines": [204, 205, 207, 208, 209, 210, 213, 214, 215, 217, 237, 238, 239, 240], "excluded_lines": [], "executed_branches": [], "missing_branches": [[204, 205], [204, 207], [209, 210], [209, 213]]}, "USStockParser.parse_ohlcv_data": {"executed_lines": [], "summary": {"covered_lines": 0, "num_statements": 22, "percent_covered": 0.0, "percent_covered_display": "0.00", "missing_lines": 22, "excluded_lines": 0, "num_branches": 8, "num_partial_branches": 0, "covered_branches": 0, "missing_branches": 8}, "missing_lines": [273, 274, 275, 277, 279, 282, 294, 297, 298, 301, 304, 305, 306, 307, 309, 312, 315, 317, 318, 320, 321, 322], "excluded_lines": [], "executed_branches": [], "missing_branches": [[273, 274], [273, 277], [297, 298], [297, 301], [304, 305], [304, 306], [306, 307], [306, 309]]}, "USStockParser._map_sic_to_gics": {"executed_lines": [], "summary": {"covered_lines": 0, "num_statements": 29, "percent_covered": 0.0, "percent_covered_display": "0.00", "missing_lines": 29, "excluded_lines": 0, "num_branches": 24, "num_partial_branches": 0, "covered_branches": 0, "missing_branches": 24}, "missing_lines": [345, 346, 348, 349, 350, 351, 354, 356, 359, 361, 364, 365, 368, 370, 373, 376, 379, 380, 383, 386, 389, 390, 393, 394, 397, 398, 401, 402, 404], "excluded_lines": [], "executed_branches": [], "missing_branches": [[345, 346], [345, 348], [354, 356], [354, 359], [359, 361], [359, 364], [364, 365], [364, 368], [368, 370], [368, 373], [373, 376], [373, 379], [379, 380], [379, 383], [383, 386], [383, 389], [389, 390], [389, 393], [393, 394], [393, 397], [397, 398], [397, 401], [401, 402], [401, 404]]}, "USStockParser._parse_address": {"executed_lines": [], "summary": {"covered_lines": 0, "num_statements": 15, "percent_covered": 0.0, "percent_covered_display": "0.00", "missing_lines": 15, "excluded_lines": 0, "num_branches": 10, "num_partial_branches": 0, "covered_branches": 0, "missing_branches": 10}, "missing_lines": [416, 417, 419, 420, 421, 422, 423, 424, 425, 426, 427, 428, 430, 432, 433], "excluded_lines": [], "executed_branches": [], "missing_branches": [[416, 417], [416, 419], [421, 422], [421, 423], [423, 424], [423, 425], [425, 426], [425, 427], [427, 428], [427, 430]]}, "USStockParser.validate_ticker_format": {"executed_lines": [], "summary": {"covered_lines": 0, "num_statements": 6, "percent_covered": 0.0, "percent_covered_display": "0.00", "missing_lines": 6, "excluded_lines": 0, "num_branches": 4, "num_partial_branches": 0, "covered_branches": 0, "missing_branches": 4}, "missing_lines": [449, 450, 453, 456, 457, 459], "excluded_lines": [], "executed_branches": [], "missing_branches": [[449, 450], [449, 453], [456, 457], [456, 459]]}, "USStockParser.filter_common_stocks": {"executed_lines": [], "summary": {"covered_lines": 0, "num_statements": 3, "percent_covered": 0.0, "percent_covered_display": "0.00", "missing_lines": 3, "excluded_lines": 0, "num_branches": 0, "num_partial_branches": 0, "covered_branches": 0, "missing_branches": 0}, "missing_lines": [471, 476, 477], "excluded_lines": [], "executed_branches": [], "missing_branches": []}, "USStockParser.enrich_with_sector": {"executed_lines": [], "summary": {"covered_lines": 0, "num_statements": 8, "percent_covered": 0.0, "percent_covered_display": "0.00", "missing_lines": 8, "excluded_lines": 0, "num_branches": 4, "num_partial_branches": 0, "covered_branches": 0, "missing_branches": 4}, "missing_lines": [490, 492, 493, 494, 495, 496, 498, 500], "excluded_lines": [], "executed_branches": [], "missing_branches": [[492, 493], [492, 500], [494, 495], [494, 498]]}, "": {"executed_lines": [1, 14, 15, 16, 17, 19, 22, 23, 35, 45, 57, 114, 158, 242, 324, 406, 435, 461, 479], "summary": {"covered_lines": 17, "num_statements": 17, "percent_covered": 100.0, "percent_covered_display": "100.00", "missing_lines": 0, "excluded_lines": 0, "num_branches": 0, "num_partial_branches": 0, "covered_branches": 0, "missing_branches": 0}, "missing_lines": [], "excluded_lines": [], "executed_branches": [], "missing_branches": []}}, "classes": {"USStockParser": {"executed_lines": [], "summary": {"covered_lines": 0, "num_statements": 120, "percent_covered": 0.0, "percent_covered_display": "0.00", "missing_lines": 120, "excluded_lines": 0, "num_branches": 62, "num_partial_branches": 0, "covered_branches": 0, "missing_branches": 62}, "missing_lines": [99, 101, 102, 103, 104, 105, 106, 107, 108, 109, 111, 112, 124, 125, 126, 129, 130, 131, 134, 135, 138, 139, 141, 204, 205, 207, 208, 209, 210, 213, 214, 215, 217, 237, 238, 239, 240, 273, 274, 275, 277, 279, 282, 294, 297, 298, 301, 304, 305, 306, 307, 309, 312, 315, 317, 318, 320, 321, 322, 345, 346, 348, 349, 350, 351, 354, 356, 359, 361, 364, 365, 368, 370, 373, 376, 379, 380, 383, 386, 389, 390, 393, 394, 397, 398, 401, 402, 404, 416, 417, 419, 420, 421, 422, 423, 424, 425, 426, 427, 428, 430, 432, 433, 449, 450, 453, 456, 457, 459, 471, 476, 477, 490, 492, 493, 494, 495, 496, 498, 500], "excluded_lines": [], "executed_branches": [], "missing_branches": [[101, 102], [101, 111], [104, 101], [104, 105], [125, 126], [125, 129], [130, 131], [130, 134], [204, 205], [204, 207], [209, 210], [209, 213], [273, 274], [273, 277], [297, 298], [297, 301], [304, 305], [304, 306], [306, 307], [306, 309], [345, 346], [345, 348], [354, 356], [354, 359], [359, 361], [359, 364], [364, 365], [364, 368], [368, 370], [368, 373], [373, 376], [373, 379], [379, 380], [379, 383], [383, 386], [383, 389], [389, 390], [389, 393], [393, 394], [393, 397], [397, 398], [397, 401], [401, 402], [401, 404], [416, 417], [416, 419], [421, 422], [421, 423], [423, 424], [423, 425], [425, 426], [425, 427], [427, 428], [427, 430], [449, 450], [449, 453], [456, 457], [456, 459], [492, 493], [492, 500], [494, 495], [494, 498]]}, "": {"executed_lines": [1, 14, 15, 16, 17, 19, 22, 23, 35, 45, 57, 114, 158, 242, 324, 406, 435, 461, 479], "summary": {"covered_lines": 17, "num_statements": 17, "percent_covered": 100.0, "percent_covered_display": "100.00", "missing_lines": 0, "excluded_lines": 0, "num_branches": 0, "num_partial_branches": 0, "covered_branches": 0, "missing_branches": 0}, "missing_lines": [], "excluded_lines": [], "executed_branches": [], "missing_branches": []}}}, "spock.py": {"executed_lines": [], "summary": {"covered_lines": 0, "num_statements": 230, "percent_covered": 0.0, "percent_covered_display": "0.00", "missing_lines": 230, "excluded_lines": 2, "num_branches": 60, "num_partial_branches": 0, "covered_branches": 0, "missing_branches": 60}, "missing_lines": [21, 22, 23, 24, 25, 26, 27, 30, 33, 34, 37, 40, 51, 69, 70, 71, 72, 73, 76, 79, 82, 83, 84, 85, 86, 87, 89, 97, 98, 101, 102, 105, 116, 118, 120, 122, 123, 125, 126, 127, 129, 130, 132, 133, 134, 136, 137, 139, 152, 155, 156, 157, 160, 161, 162, 163, 164, 165, 166, 168, 169, 171, 183, 184, 185, 187, 188, 190, 191, 192, 194, 195, 196, 197, 199, 200, 201, 203, 204, 205, 206, 209, 210, 212, 224, 225, 226, 228, 229, 230, 232, 234, 235, 242, 243, 246, 247, 250, 251, 252, 253, 256, 257, 258, 260, 261, 262, 264, 265, 266, 268, 274, 275, 276, 282, 294, 295, 296, 298, 299, 300, 302, 304, 305, 308, 309, 310, 311, 314, 315, 322, 323, 326, 328, 329, 332, 333, 336, 337, 338, 339, 340, 341, 342, 343, 344, 345, 347, 349, 352, 353, 354, 356, 357, 358, 360, 361, 362, 364, 370, 371, 372, 378, 385, 386, 387, 389, 390, 391, 393, 395, 402, 403, 404, 406, 412, 413, 414, 420, 427, 428, 431, 432, 433, 436, 437, 440, 446, 447, 449, 451, 452, 455, 456, 457, 459, 460, 461, 464, 466, 486, 492, 499, 507, 514, 520, 526, 533, 536, 537, 540, 541, 550, 553, 554, 555, 556, 557, 558, 559, 560, 561, 563, 564, 566, 567, 568, 570, 571, 572], "excluded_lines": [575, 576], "executed_branches": [], "missing_branches": [[125, -120], [125, 126], [126, 127], [126, 129], [132, 125], [132, 133], [155, 156], [155, 160], [160, 161], [160, 162], [162, 163], [162, 164], [164, 165], [164, 168], [190, 191], [190, 194], [194, 195], [194, 199], [199, 200], [199, 203], [203, 204], [203, 209], [228, 229], [228, 232], [242, 243], [242, 256], [250, 251], [250, 256], [260, 261], [260, 264], [264, 265], [264, 268], [298, 299], [298, 302], [309, 310], [309, 314], [322, 323], [322, 349], [328, 329], [328, 347], [336, 337], [336, 352], [356, 357], [356, 360], [360, 361], [360, 364], [389, 390], [389, 393], [431, 432], [431, 436], [451, 452], [451, 455], [536, 537], [536, 540], [553, 554], [553, 556], [556, 557], [556, 559], [559, 560], [559, 563]], "functions": {"SpockOrchestrator.__init__": {"executed_lines": [], "summary": {"covered_lines": 0, "num_statements": 13, "percent_covered": 0.0, "percent_covered_display": "0.00", "missing_lines": 13, "excluded_lines": 0, "num_branches": 0, "num_partial_branches": 0, "covered_branches": 0, "missing_branches": 0}, "missing_lines": [69, 70, 71, 72, 73, 76, 79, 82, 83, 84, 85, 86, 87], "excluded_lines": [], "executed_branches": [], "missing_branches": []}, "SpockOrchestrator._setup_logging": {"executed_lines": [], "summary": {"covered_lines": 0, "num_statements": 7, "percent_covered": 0.0, "percent_covered_display": "0.00", "missing_lines": 7, "excluded_lines": 0, "num_branches": 0, "num_partial_branches": 0, "covered_branches": 0, "missing_branches": 0}, "missing_lines": [97, 98, 101, 102, 105, 116, 118], "excluded_lines": [], "executed_branches": [], "missing_branches": []}, "SpockOrchestrator._cleanup_old_logs": {"executed_lines": [], "summary": {"covered_lines": 0, "num_statements": 12, "percent_covered": 0.0, "percent_covered_display": "0.00", "missing_lines": 12, "excluded_lines": 0, "num_branches": 6, "num_partial_branches": 0, "covered_branches": 0, "missing_branches": 6}, "missing_lines": [122, 123, 125, 126, 127, 129, 130, 132, 133, 134, 136, 137], "excluded_lines": [], "executed_branches": [], "missing_branches": [[125, -120], [125, 126], [126, 127], [126, 129], [132, 125], [132, 133]]}, "SpockOrchestrator.run": {"executed_lines": [], "summary": {"covered_lines": 0, "num_statements": 13, "percent_covered": 0.0, "percent_covered_display": "0.00", "missing_lines": 13, "excluded_lines": 0, "num_branches": 8, "num_partial_branches": 0, "covered_branches": 0, "missing_branches": 8}, "missing_lines": [152, 155, 156, 157, 160, 161, 162, 163, 164, 165, 166, 168, 169], "excluded_lines": [], "executed_branches": [], "missing_branches": [[155, 156], [155, 160], [160, 161], [160, 162], [162, 163], [162, 164], [164, 165], [164, 168]]}, "SpockOrchestrator._route_by_time": {"executed_lines": [], "summary": {"covered_lines": 0, "num_statements": 21, "percent_covered": 0.0, "percent_covered_display": "0.00", "missing_lines": 21, "excluded_lines": 0, "num_branches": 8, "num_partial_branches": 0, "covered_branches": 0, "missing_branches": 8}, "missing_lines": [183, 184, 185, 187, 188, 190, 191, 192, 194, 195, 196, 197, 199, 200, 201, 203, 204, 205, 206, 209, 210], "excluded_lines": [], "executed_branches": [], "missing_branches": [[190, 191], [190, 194], [194, 195], [194, 199], [199, 200], [199, 203], [203, 204], [203, 209]]}, "SpockOrchestrator._execute_pre_market": {"executed_lines": [], "summary": {"covered_lines": 0, "num_statements": 30, "percent_covered": 0.0, "percent_covered_display": "0.00", "missing_lines": 30, "excluded_lines": 0, "num_branches": 10, "num_partial_branches": 0, "covered_branches": 0, "missing_branches": 10}, "missing_lines": [224, 225, 226, 228, 229, 230, 232, 234, 235, 242, 243, 246, 247, 250, 251, 252, 253, 256, 257, 258, 260, 261, 262, 264, 265, 266, 268, 274, 275, 276], "excluded_lines": [], "executed_branches": [], "missing_branches": [[228, 229], [228, 232], [242, 243], [242, 256], [250, 251], [250, 256], [260, 261], [260, 264], [264, 265], [264, 268]]}, "SpockOrchestrator._execute_after_hours": {"executed_lines": [], "summary": {"covered_lines": 0, "num_statements": 47, "percent_covered": 0.0, "percent_covered_display": "0.00", "missing_lines": 47, "excluded_lines": 0, "num_branches": 14, "num_partial_branches": 0, "covered_branches": 0, "missing_branches": 14}, "missing_lines": [294, 295, 296, 298, 299, 300, 302, 304, 305, 308, 309, 310, 311, 314, 315, 322, 323, 326, 328, 329, 332, 333, 336, 337, 338, 339, 340, 341, 342, 343, 344, 345, 347, 349, 352, 353, 354, 356, 357, 358, 360, 361, 362, 364, 370, 371, 372], "excluded_lines": [], "executed_branches": [], "missing_branches": [[298, 299], [298, 302], [309, 310], [309, 314], [322, 323], [322, 349], [328, 329], [328, 347], [336, 337], [336, 352], [356, 357], [356, 360], [360, 361], [360, 364]]}, "SpockOrchestrator._execute_manual_pipeline": {"executed_lines": [], "summary": {"covered_lines": 0, "num_statements": 15, "percent_covered": 0.0, "percent_covered_display": "0.00", "missing_lines": 15, "excluded_lines": 0, "num_branches": 2, "num_partial_branches": 0, "covered_branches": 0, "missing_branches": 2}, "missing_lines": [385, 386, 387, 389, 390, 391, 393, 395, 402, 403, 404, 406, 412, 413, 414], "excluded_lines": [], "executed_branches": [], "missing_branches": [[389, 390], [389, 393]]}, "SpockOrchestrator._check_database_health": {"executed_lines": [], "summary": {"covered_lines": 0, "num_statements": 19, "percent_covered": 0.0, "percent_covered_display": "0.00", "missing_lines": 19, "excluded_lines": 0, "num_branches": 4, "num_partial_branches": 0, "covered_branches": 0, "missing_branches": 4}, "missing_lines": [427, 428, 431, 432, 433, 436, 437, 440, 446, 447, 449, 451, 452, 455, 456, 457, 459, 460, 461], "excluded_lines": [], "executed_branches": [], "missing_branches": [[431, 432], [431, 436], [451, 452], [451, 455]]}, "main": {"executed_lines": [], "summary": {"covered_lines": 0, "num_statements": 31, "percent_covered": 0.0, "percent_covered_display": "0.00", "missing_lines": 31, "excluded_lines": 0, "num_branches": 8, "num_partial_branches": 0, "covered_branches": 0, "missing_branches": 8}, "missing_lines": [466, 486, 492, 499, 507, 514, 520, 526, 533, 536, 537, 540, 541, 550, 553, 554, 555, 556, 557, 558, 559, 560, 561, 563, 564, 566, 567, 568, 570, 571, 572], "excluded_lines": [], "executed_branches": [], "missing_branches": [[536, 537], [536, 540], [553, 554], [553, 556], [556, 557], [556, 559], [559, 560], [559, 563]]}, "": {"executed_lines": [], "summary": {"covered_lines": 0, "num_statements": 22, "percent_covered": 0.0, "percent_covered_display": "0.00", "missing_lines": 22, "excluded_lines": 2, "num_branches": 0, "num_partial_branches": 0, "covered_branches": 0, "missing_branches": 0}, "missing_lines": [21, 22, 23, 24, 25, 26, 27, 30, 33, 34, 37, 40, 51, 89, 120, 139, 171, 212, 282, 378, 420, 464], "excluded_lines": [575, 576], "executed_branches": [], "missing_branches": []}}, "classes": {"SpockOrchestrator": {"executed_lines": [], "summary": {"covered_lines": 0, "num_statements": 177, "percent_covered": 0.0, "percent_covered_display": "0.00", "missing_lines": 177, "excluded_lines": 0, "num_branches": 52, "num_partial_branches": 0, "covered_branches": 0, "missing_branches": 52}, "missing_lines": [69, 70, 71, 72, 73, 76, 79, 82, 83, 84, 85, 86, 87, 97, 98, 101, 102, 105, 116, 118, 122, 123, 125, 126, 127, 129, 130, 132, 133, 134, 136, 137, 152, 155, 156, 157, 160, 161, 162, 163, 164, 165, 166, 168, 169, 183, 184, 185, 187, 188, 190, 191, 192, 194, 195, 196, 197, 199, 200, 201, 203, 204, 205, 206, 209, 210, 224, 225, 226, 228, 229, 230, 232, 234, 235, 242, 243, 246, 247, 250, 251, 252, 253, 256, 257, 258, 260, 261, 262, 264, 265, 266, 268, 274, 275, 276, 294, 295, 296, 298, 299, 300, 302, 304, 305, 308, 309, 310, 311, 314, 315, 322, 323, 326, 328, 329, 332, 333, 336, 337, 338, 339, 340, 341, 342, 343, 344, 345, 347, 349, 352, 353, 354, 356, 357, 358, 360, 361, 362, 364, 370, 371, 372, 385, 386, 387, 389, 390, 391, 393, 395, 402, 403, 404, 406, 412, 413, 414, 427, 428, 431, 432, 433, 436, 437, 440, 446, 447, 449, 451, 452, 455, 456, 457, 459, 460, 461], "excluded_lines": [], "executed_branches": [], "missing_branches": [[125, -120], [125, 126], [126, 127], [126, 129], [132, 125], [132, 133], [155, 156], [155, 160], [160, 161], [160, 162], [162, 163], [162, 164], [164, 165], [164, 168], [190, 191], [190, 194], [194, 195], [194, 199], [199, 200], [199, 203], [203, 204], [203, 209], [228, 229], [228, 232], [242, 243], [242, 256], [250, 251], [250, 256], [260, 261], [260, 264], [264, 265], [264, 268], [298, 299], [298, 302], [309, 310], [309, 314], [322, 323], [322, 349], [328, 329], [328, 347], [336, 337], [336, 352], [356, 357], [356, 360], [360, 361], [360, 364], [389, 390], [389, 393], [431, 432], [431, 436], [451, 452], [451, 455]]}, "": {"executed_lines": [], "summary": {"covered_lines": 0, "num_statements": 53, "percent_covered": 0.0, "percent_covered_display": "0.00", "missing_lines": 53, "excluded_lines": 2, "num_branches": 8, "num_partial_branches": 0, "covered_branches": 0, "missing_branches": 8}, "missing_lines": [21, 22, 23, 24, 25, 26, 27, 30, 33, 34, 37, 40, 51, 89, 120, 139, 171, 212, 282, 378, 420, 464, 466, 486, 492, 499, 507, 514, 520, 526, 533, 536, 537, 540, 541, 550, 553, 554, 555, 556, 557, 558, 559, 560, 561, 563, 564, 566, 567, 568, 570, 571, 572], "excluded_lines": [575, 576], "executed_branches": [], "missing_branches": [[536, 537], [536, 540], [553, 554], [553, 556], [556, 557], [556, 559], [559, 560], [559, 563]]}}}}, "totals": {"covered_lines": 786, "num_statements": 2822, "percent_covered": 25.05393743257821, "percent_covered_display": "25.05", "missing_lines": 2036, "excluded_lines": 6, "num_branches": 886, "num_partial_branches": 63, "covered_branches": 143, "missing_branches": 743}}